Execute command: [
  `which`
  `cmake`
]
[/home/vagrant/Labs/lab-11-process]> "which" "cmake"
/usr/bin/cmake
Execute command: [
  `cmake`
  `--version`
]
[/home/vagrant/Labs/lab-11-process]> "cmake" "--version"
cmake version 3.10.2

CMake suite maintained and supported by Kitware (kitware.com/cmake).
Execute command: [
  `cmake`
  `-H.`
  `-B/home/vagrant/Labs/lab-11-process/_builds/gcc-7-cxx17-pic-Debug`
  `-DCMAKE_BUILD_TYPE=Debug`
  `-GUnix Makefiles`
  `-DCMAKE_TOOLCHAIN_FILE=/home/vagrant/Labs/lab-11-process/tools/polly/gcc-7-cxx17-pic.cmake`
  `-DCMAKE_EXE_LINKER=-fuse-ld=gold`
  `-DHUNTER_CONFIGURATION_TYPES=Debug`
]
[/home/vagrant/Labs/lab-11-process]> "cmake" "-H." "-B/home/vagrant/Labs/lab-11-process/_builds/gcc-7-cxx17-pic-Debug" "-DCMAKE_BUILD_TYPE=Debug" "-GUnix Makefiles" "-DCMAKE_TOOLCHAIN_FILE=/home/vagrant/Labs/lab-11-process/tools/polly/gcc-7-cxx17-pic.cmake" "-DCMAKE_EXE_LINKER=-fuse-ld=gold" "-DHUNTER_CONFIGURATION_TYPES=Debug"
-- [polly] Used toolchain: gcc 7 / c++17 support / PIC
-- [hunter] Calculating Toolchain-SHA1
-- [hunter] Calculating Config-SHA1
-- [hunter] HUNTER_ROOT: /home/vagrant/.hunter
-- [hunter] [ Hunter-ID: 70287b1 | Toolchain-ID: fc9dcb2 | Config-ID: dffbc08 ]
-- [hunter] GTEST_ROOT: /home/vagrant/.hunter/_Base/70287b1/fc9dcb2/dffbc08/Install (ver.: 1.8.0-hunter-p11)
-- [hunter] BOOSTPROCESS_ROOT: /home/vagrant/.hunter/_Base/70287b1/fc9dcb2/dffbc08/Install (ver.: 0.5)
-- Boost version: 1.68.0
-- Found the following Boost libraries:
--   system
--   filesystem
--   iostreams
-- [hunter] ASYNC++_ROOT: /home/vagrant/.hunter/_Base/70287b1/fc9dcb2/dffbc08/Install (ver.: 0.0.3-hunter)
-- Configuring done
-- Generating done
-- Build files have been written to: /home/vagrant/Labs/lab-11-process/_builds/gcc-7-cxx17-pic-Debug
Execute command: [
  `cmake`
  `--build`
  `/home/vagrant/Labs/lab-11-process/_builds/gcc-7-cxx17-pic-Debug`
  `--config`
  `Debug`
  `--`
]
[/home/vagrant/Labs/lab-11-process]> "cmake" "--build" "/home/vagrant/Labs/lab-11-process/_builds/gcc-7-cxx17-pic-Debug" "--config" "Debug" "--"
Scanning dependencies of target builder
[ 16%] Building CXX object CMakeFiles/builder.dir/sources/builder.cpp.o
/home/vagrant/Labs/lab-11-process/sources/builder.cpp: In constructor ‘Builder::Builder()’:
/home/vagrant/Labs/lab-11-process/sources/builder.cpp:20:13: error: no match for ‘operator<<’ (operand types are ‘std::ostream {aka std::basic_ostream<char>}’ and ‘boost::process::posix::child’)
   std::cout << execute(set_args(args)) << std::endl;
   ~~~~~~~~~~^~~~~~~~~~~~~~~~~~~~~~~~~~
In file included from /usr/include/c++/7/iostream:39:0,
                 from /home/vagrant/Labs/lab-11-process/sources/builder.cpp:3:
/usr/include/c++/7/ostream:108:7: note: candidate: std::basic_ostream<_CharT, _Traits>::__ostream_type& std::basic_ostream<_CharT, _Traits>::operator<<(std::basic_ostream<_CharT, _Traits>::__ostream_type& (*)(std::basic_ostream<_CharT, _Traits>::__ostream_type&)) [with _CharT = char; _Traits = std::char_traits<char>; std::basic_ostream<_CharT, _Traits>::__ostream_type = std::basic_ostream<char>]
       operator<<(__ostream_type& (*__pf)(__ostream_type&))
       ^~~~~~~~
/usr/include/c++/7/ostream:108:7: note:   no known conversion for argument 1 from ‘boost::process::posix::child’ to ‘std::basic_ostream<char>::__ostream_type& (*)(std::basic_ostream<char>::__ostream_type&) {aka std::basic_ostream<char>& (*)(std::basic_ostream<char>&)}’
/usr/include/c++/7/ostream:117:7: note: candidate: std::basic_ostream<_CharT, _Traits>::__ostream_type& std::basic_ostream<_CharT, _Traits>::operator<<(std::basic_ostream<_CharT, _Traits>::__ios_type& (*)(std::basic_ostream<_CharT, _Traits>::__ios_type&)) [with _CharT = char; _Traits = std::char_traits<char>; std::basic_ostream<_CharT, _Traits>::__ostream_type = std::basic_ostream<char>; std::basic_ostream<_CharT, _Traits>::__ios_type = std::basic_ios<char>]
       operator<<(__ios_type& (*__pf)(__ios_type&))
       ^~~~~~~~
/usr/include/c++/7/ostream:117:7: note:   no known conversion for argument 1 from ‘boost::process::posix::child’ to ‘std::basic_ostream<char>::__ios_type& (*)(std::basic_ostream<char>::__ios_type&) {aka std::basic_ios<char>& (*)(std::basic_ios<char>&)}’
/usr/include/c++/7/ostream:127:7: note: candidate: std::basic_ostream<_CharT, _Traits>::__ostream_type& std::basic_ostream<_CharT, _Traits>::operator<<(std::ios_base& (*)(std::ios_base&)) [with _CharT = char; _Traits = std::char_traits<char>; std::basic_ostream<_CharT, _Traits>::__ostream_type = std::basic_ostream<char>]
       operator<<(ios_base& (*__pf) (ios_base&))
       ^~~~~~~~
/usr/include/c++/7/ostream:127:7: note:   no known conversion for argument 1 from ‘boost::process::posix::child’ to ‘std::ios_base& (*)(std::ios_base&)’
/usr/include/c++/7/ostream:166:7: note: candidate: std::basic_ostream<_CharT, _Traits>::__ostream_type& std::basic_ostream<_CharT, _Traits>::operator<<(long int) [with _CharT = char; _Traits = std::char_traits<char>; std::basic_ostream<_CharT, _Traits>::__ostream_type = std::basic_ostream<char>]
       operator<<(long __n)
       ^~~~~~~~
/usr/include/c++/7/ostream:166:7: note:   no known conversion for argument 1 from ‘boost::process::posix::child’ to ‘long int’
/usr/include/c++/7/ostream:170:7: note: candidate: std::basic_ostream<_CharT, _Traits>::__ostream_type& std::basic_ostream<_CharT, _Traits>::operator<<(long unsigned int) [with _CharT = char; _Traits = std::char_traits<char>; std::basic_ostream<_CharT, _Traits>::__ostream_type = std::basic_ostream<char>]
       operator<<(unsigned long __n)
       ^~~~~~~~
/usr/include/c++/7/ostream:170:7: note:   no known conversion for argument 1 from ‘boost::process::posix::child’ to ‘long unsigned int’
/usr/include/c++/7/ostream:174:7: note: candidate: std::basic_ostream<_CharT, _Traits>::__ostream_type& std::basic_ostream<_CharT, _Traits>::operator<<(bool) [with _CharT = char; _Traits = std::char_traits<char>; std::basic_ostream<_CharT, _Traits>::__ostream_type = std::basic_ostream<char>]
       operator<<(bool __n)
       ^~~~~~~~
/usr/include/c++/7/ostream:174:7: note:   no known conversion for argument 1 from ‘boost::process::posix::child’ to ‘bool’
In file included from /usr/include/c++/7/ostream:693:0,
                 from /usr/include/c++/7/iostream:39,
                 from /home/vagrant/Labs/lab-11-process/sources/builder.cpp:3:
/usr/include/c++/7/bits/ostream.tcc:91:5: note: candidate: std::basic_ostream<_CharT, _Traits>& std::basic_ostream<_CharT, _Traits>::operator<<(short int) [with _CharT = char; _Traits = std::char_traits<char>]
     basic_ostream<_CharT, _Traits>::
     ^~~~~~~~~~~~~~~~~~~~~~~~~~~~~~
/usr/include/c++/7/bits/ostream.tcc:91:5: note:   no known conversion for argument 1 from ‘boost::process::posix::child’ to ‘short int’
In file included from /usr/include/c++/7/iostream:39:0,
                 from /home/vagrant/Labs/lab-11-process/sources/builder.cpp:3:
/usr/include/c++/7/ostream:181:7: note: candidate: std::basic_ostream<_CharT, _Traits>::__ostream_type& std::basic_ostream<_CharT, _Traits>::operator<<(short unsigned int) [with _CharT = char; _Traits = std::char_traits<char>; std::basic_ostream<_CharT, _Traits>::__ostream_type = std::basic_ostream<char>]
       operator<<(unsigned short __n)
       ^~~~~~~~
/usr/include/c++/7/ostream:181:7: note:   no known conversion for argument 1 from ‘boost::process::posix::child’ to ‘short unsigned int’
In file included from /usr/include/c++/7/ostream:693:0,
                 from /usr/include/c++/7/iostream:39,
                 from /home/vagrant/Labs/lab-11-process/sources/builder.cpp:3:
/usr/include/c++/7/bits/ostream.tcc:105:5: note: candidate: std::basic_ostream<_CharT, _Traits>& std::basic_ostream<_CharT, _Traits>::operator<<(int) [with _CharT = char; _Traits = std::char_traits<char>]
     basic_ostream<_CharT, _Traits>::
     ^~~~~~~~~~~~~~~~~~~~~~~~~~~~~~
/usr/include/c++/7/bits/ostream.tcc:105:5: note:   no known conversion for argument 1 from ‘boost::process::posix::child’ to ‘int’
In file included from /usr/include/c++/7/iostream:39:0,
                 from /home/vagrant/Labs/lab-11-process/sources/builder.cpp:3:
/usr/include/c++/7/ostream:192:7: note: candidate: std::basic_ostream<_CharT, _Traits>::__ostream_type& std::basic_ostream<_CharT, _Traits>::operator<<(unsigned int) [with _CharT = char; _Traits = std::char_traits<char>; std::basic_ostream<_CharT, _Traits>::__ostream_type = std::basic_ostream<char>]
       operator<<(unsigned int __n)
       ^~~~~~~~
/usr/include/c++/7/ostream:192:7: note:   no known conversion for argument 1 from ‘boost::process::posix::child’ to ‘unsigned int’
/usr/include/c++/7/ostream:201:7: note: candidate: std::basic_ostream<_CharT, _Traits>::__ostream_type& std::basic_ostream<_CharT, _Traits>::operator<<(long long int) [with _CharT = char; _Traits = std::char_traits<char>; std::basic_ostream<_CharT, _Traits>::__ostream_type = std::basic_ostream<char>]
       operator<<(long long __n)
       ^~~~~~~~
/usr/include/c++/7/ostream:201:7: note:   no known conversion for argument 1 from ‘boost::process::posix::child’ to ‘long long int’
/usr/include/c++/7/ostream:205:7: note: candidate: std::basic_ostream<_CharT, _Traits>::__ostream_type& std::basic_ostream<_CharT, _Traits>::operator<<(long long unsigned int) [with _CharT = char; _Traits = std::char_traits<char>; std::basic_ostream<_CharT, _Traits>::__ostream_type = std::basic_ostream<char>]
       operator<<(unsigned long long __n)
       ^~~~~~~~
/usr/include/c++/7/ostream:205:7: note:   no known conversion for argument 1 from ‘boost::process::posix::child’ to ‘long long unsigned int’
/usr/include/c++/7/ostream:220:7: note: candidate: std::basic_ostream<_CharT, _Traits>::__ostream_type& std::basic_ostream<_CharT, _Traits>::operator<<(double) [with _CharT = char; _Traits = std::char_traits<char>; std::basic_ostream<_CharT, _Traits>::__ostream_type = std::basic_ostream<char>]
       operator<<(double __f)
       ^~~~~~~~
/usr/include/c++/7/ostream:220:7: note:   no known conversion for argument 1 from ‘boost::process::posix::child’ to ‘double’
/usr/include/c++/7/ostream:224:7: note: candidate: std::basic_ostream<_CharT, _Traits>::__ostream_type& std::basic_ostream<_CharT, _Traits>::operator<<(float) [with _CharT = char; _Traits = std::char_traits<char>; std::basic_ostream<_CharT, _Traits>::__ostream_type = std::basic_ostream<char>]
       operator<<(float __f)
       ^~~~~~~~
/usr/include/c++/7/ostream:224:7: note:   no known conversion for argument 1 from ‘boost::process::posix::child’ to ‘float’
/usr/include/c++/7/ostream:232:7: note: candidate: std::basic_ostream<_CharT, _Traits>::__ostream_type& std::basic_ostream<_CharT, _Traits>::operator<<(long double) [with _CharT = char; _Traits = std::char_traits<char>; std::basic_ostream<_CharT, _Traits>::__ostream_type = std::basic_ostream<char>]
       operator<<(long double __f)
       ^~~~~~~~
/usr/include/c++/7/ostream:232:7: note:   no known conversion for argument 1 from ‘boost::process::posix::child’ to ‘long double’
/usr/include/c++/7/ostream:245:7: note: candidate: std::basic_ostream<_CharT, _Traits>::__ostream_type& std::basic_ostream<_CharT, _Traits>::operator<<(const void*) [with _CharT = char; _Traits = std::char_traits<char>; std::basic_ostream<_CharT, _Traits>::__ostream_type = std::basic_ostream<char>]
       operator<<(const void* __p)
       ^~~~~~~~
/usr/include/c++/7/ostream:245:7: note:   no known conversion for argument 1 from ‘boost::process::posix::child’ to ‘const void*’
In file included from /usr/include/c++/7/ostream:693:0,
                 from /usr/include/c++/7/iostream:39,
                 from /home/vagrant/Labs/lab-11-process/sources/builder.cpp:3:
/usr/include/c++/7/bits/ostream.tcc:119:5: note: candidate: std::basic_ostream<_CharT, _Traits>& std::basic_ostream<_CharT, _Traits>::operator<<(std::basic_ostream<_CharT, _Traits>::__streambuf_type*) [with _CharT = char; _Traits = std::char_traits<char>; std::basic_ostream<_CharT, _Traits>::__streambuf_type = std::basic_streambuf<char>]
     basic_ostream<_CharT, _Traits>::
     ^~~~~~~~~~~~~~~~~~~~~~~~~~~~~~
/usr/include/c++/7/bits/ostream.tcc:119:5: note:   no known conversion for argument 1 from ‘boost::process::posix::child’ to ‘std::basic_ostream<char>::__streambuf_type* {aka std::basic_streambuf<char>*}’
In file included from /usr/include/c++/7/future:39:0,
                 from /home/vagrant/.hunter/_Base/70287b1/fc9dcb2/dffbc08/Install/include/boost/asio/packaged_task.hpp:23,
                 from /home/vagrant/.hunter/_Base/70287b1/fc9dcb2/dffbc08/Install/include/boost/asio.hpp:101,
                 from /home/vagrant/.hunter/_Base/70287b1/fc9dcb2/dffbc08/Install/include/boost/process/mitigate.hpp:19,
                 from /home/vagrant/Labs/lab-11-process/sources/builder.cpp:5:
/usr/include/c++/7/thread:313:5: note: candidate: template<class _CharT, class _Traits> std::basic_ostream<_CharT, _Traits>& std::operator<<(std::basic_ostream<_CharT, _Traits>&, std::thread::id)
     operator<<(basic_ostream<_CharT, _Traits>& __out, thread::id __id)
     ^~~~~~~~
/usr/include/c++/7/thread:313:5: note:   template argument deduction/substitution failed:
/home/vagrant/Labs/lab-11-process/sources/builder.cpp:20:23: note:   cannot convert ‘boost::process::posix::execute<boost::process::posix::initializers::set_args_<std::vector<std::__cxx11::basic_string<char> > > >(boost::process::posix::initializers::set_args(const Range&) [with Range = std::vector<std::__cxx11::basic_string<char> >]())’ (type ‘boost::process::posix::child’) to type ‘std::thread::id’
   std::cout << execute(set_args(args)) << std::endl;
                ~~~~~~~^~~~~~~~~~~~~~~~
In file included from /usr/include/c++/7/memory:81:0,
                 from /home/vagrant/.hunter/_Base/70287b1/fc9dcb2/dffbc08/Install/include/boost/asio/associated_allocator.hpp:19,
                 from /home/vagrant/.hunter/_Base/70287b1/fc9dcb2/dffbc08/Install/include/boost/asio.hpp:20,
                 from /home/vagrant/.hunter/_Base/70287b1/fc9dcb2/dffbc08/Install/include/boost/process/mitigate.hpp:19,
                 from /home/vagrant/Labs/lab-11-process/sources/builder.cpp:5:
/usr/include/c++/7/bits/shared_ptr.h:66:5: note: candidate: template<class _Ch, class _Tr, class _Tp, __gnu_cxx::_Lock_policy _Lp> std::basic_ostream<_CharT, _Traits>& std::operator<<(std::basic_ostream<_CharT, _Traits>&, const std::__shared_ptr<_Tp, _Lp>&)
     operator<<(std::basic_ostream<_Ch, _Tr>& __os,
     ^~~~~~~~
/usr/include/c++/7/bits/shared_ptr.h:66:5: note:   template argument deduction/substitution failed:
/home/vagrant/Labs/lab-11-process/sources/builder.cpp:20:38: note:   ‘boost::process::posix::child’ is not derived from ‘const std::__shared_ptr<_Tp, _Lp>’
   std::cout << execute(set_args(args)) << std::endl;
                                      ^
In file included from /home/vagrant/.hunter/_Base/70287b1/fc9dcb2/dffbc08/Install/include/boost/config/compiler/gcc.hpp:165:0,
                 from /home/vagrant/.hunter/_Base/70287b1/fc9dcb2/dffbc08/Install/include/boost/config.hpp:39,
                 from /home/vagrant/.hunter/_Base/70287b1/fc9dcb2/dffbc08/Install/include/boost/asio/detail/config.hpp:26,
                 from /home/vagrant/.hunter/_Base/70287b1/fc9dcb2/dffbc08/Install/include/boost/asio/associated_allocator.hpp:18,
                 from /home/vagrant/.hunter/_Base/70287b1/fc9dcb2/dffbc08/Install/include/boost/asio.hpp:20,
                 from /home/vagrant/.hunter/_Base/70287b1/fc9dcb2/dffbc08/Install/include/boost/process/mitigate.hpp:19,
                 from /home/vagrant/Labs/lab-11-process/sources/builder.cpp:5:
/usr/include/c++/7/cstddef:124:5: note: candidate: template<class _IntegerType> constexpr std::__byte_op_t<_IntegerType> std::operator<<(std::byte, _IntegerType)
     operator<<(byte __b, _IntegerType __shift) noexcept
     ^~~~~~~~
/usr/include/c++/7/cstddef:124:5: note:   template argument deduction/substitution failed:
/home/vagrant/Labs/lab-11-process/sources/builder.cpp:20:38: note:   cannot convert ‘std::cout’ (type ‘std::ostream {aka std::basic_ostream<char>}’) to type ‘std::byte’
   std::cout << execute(set_args(args)) << std::endl;
                                      ^
In file included from /usr/include/c++/7/iostream:39:0,
                 from /home/vagrant/Labs/lab-11-process/sources/builder.cpp:3:
/usr/include/c++/7/ostream:682:5: note: candidate: template<class _Ostream, class _Tp> typename std::enable_if<std::__and_<std::__not_<std::is_lvalue_reference<_Tp> >, std::__is_convertible_to_basic_ostream<_Ostream>, std::__is_insertable<typename std::__is_convertible_to_basic_ostream<_Tp>::__ostream_type, const _Tp&, void> >::value, typename std::__is_convertible_to_basic_ostream<_Tp>::__ostream_type>::type std::operator<<(_Ostream&&, const _Tp&)
     operator<<(_Ostream&& __os, const _Tp& __x)
     ^~~~~~~~
/usr/include/c++/7/ostream:682:5: note:   template argument deduction/substitution failed:
/usr/include/c++/7/ostream: In substitution of ‘template<class _Ostream, class _Tp> typename std::enable_if<std::__and_<std::__not_<std::is_lvalue_reference<_Tp> >, std::__is_convertible_to_basic_ostream<_Ostream>, std::__is_insertable<typename std::__is_convertible_to_basic_ostream<_Tp>::__ostream_type, const _Tp&, void> >::value, typename std::__is_convertible_to_basic_ostream<_Tp>::__ostream_type>::type std::operator<<(_Ostream&&, const _Tp&) [with _Ostream = std::basic_ostream<char>&; _Tp = boost::process::posix::child]’:
/home/vagrant/Labs/lab-11-process/sources/builder.cpp:20:38:   required from here
/usr/include/c++/7/ostream:682:5: error: no type named ‘type’ in ‘struct std::enable_if<false, std::basic_ostream<char>&>’
/usr/include/c++/7/ostream:574:5: note: candidate: template<class _Traits> std::basic_ostream<char, _Traits>& std::operator<<(std::basic_ostream<char, _Traits>&, const unsigned char*)
     operator<<(basic_ostream<char, _Traits>& __out, const unsigned char* __s)
     ^~~~~~~~
/usr/include/c++/7/ostream:574:5: note:   template argument deduction/substitution failed:
/home/vagrant/Labs/lab-11-process/sources/builder.cpp:20:23: note:   cannot convert ‘boost::process::posix::execute<boost::process::posix::initializers::set_args_<std::vector<std::__cxx11::basic_string<char> > > >(boost::process::posix::initializers::set_args(const Range&) [with Range = std::vector<std::__cxx11::basic_string<char> >]())’ (type ‘boost::process::posix::child’) to type ‘const unsigned char*’
   std::cout << execute(set_args(args)) << std::endl;
                ~~~~~~~^~~~~~~~~~~~~~~~
In file included from /usr/include/c++/7/iostream:39:0,
                 from /home/vagrant/Labs/lab-11-process/sources/builder.cpp:3:
/usr/include/c++/7/ostream:569:5: note: candidate: template<class _Traits> std::basic_ostream<char, _Traits>& std::operator<<(std::basic_ostream<char, _Traits>&, const signed char*)
     operator<<(basic_ostream<char, _Traits>& __out, const signed char* __s)
     ^~~~~~~~
/usr/include/c++/7/ostream:569:5: note:   template argument deduction/substitution failed:
/home/vagrant/Labs/lab-11-process/sources/builder.cpp:20:23: note:   cannot convert ‘boost::process::posix::execute<boost::process::posix::initializers::set_args_<std::vector<std::__cxx11::basic_string<char> > > >(boost::process::posix::initializers::set_args(const Range&) [with Range = std::vector<std::__cxx11::basic_string<char> >]())’ (type ‘boost::process::posix::child’) to type ‘const signed char*’
   std::cout << execute(set_args(args)) << std::endl;
                ~~~~~~~^~~~~~~~~~~~~~~~
In file included from /usr/include/c++/7/iostream:39:0,
                 from /home/vagrant/Labs/lab-11-process/sources/builder.cpp:3:
/usr/include/c++/7/ostream:556:5: note: candidate: template<class _Traits> std::basic_ostream<char, _Traits>& std::operator<<(std::basic_ostream<char, _Traits>&, const char*)
     operator<<(basic_ostream<char, _Traits>& __out, const char* __s)
     ^~~~~~~~
/usr/include/c++/7/ostream:556:5: note:   template argument deduction/substitution failed:
/home/vagrant/Labs/lab-11-process/sources/builder.cpp:20:23: note:   cannot convert ‘boost::process::posix::execute<boost::process::posix::initializers::set_args_<std::vector<std::__cxx11::basic_string<char> > > >(boost::process::posix::initializers::set_args(const Range&) [with Range = std::vector<std::__cxx11::basic_string<char> >]())’ (type ‘boost::process::posix::child’) to type ‘const char*’
   std::cout << execute(set_args(args)) << std::endl;
                ~~~~~~~^~~~~~~~~~~~~~~~
In file included from /usr/include/c++/7/ostream:693:0,
                 from /usr/include/c++/7/iostream:39,
                 from /home/vagrant/Labs/lab-11-process/sources/builder.cpp:3:
/usr/include/c++/7/bits/ostream.tcc:321:5: note: candidate: template<class _CharT, class _Traits> std::basic_ostream<_CharT, _Traits>& std::operator<<(std::basic_ostream<_CharT, _Traits>&, const char*)
     operator<<(basic_ostream<_CharT, _Traits>& __out, const char* __s)
     ^~~~~~~~
/usr/include/c++/7/bits/ostream.tcc:321:5: note:   template argument deduction/substitution failed:
/home/vagrant/Labs/lab-11-process/sources/builder.cpp:20:23: note:   cannot convert ‘boost::process::posix::execute<boost::process::posix::initializers::set_args_<std::vector<std::__cxx11::basic_string<char> > > >(boost::process::posix::initializers::set_args(const Range&) [with Range = std::vector<std::__cxx11::basic_string<char> >]())’ (type ‘boost::process::posix::child’) to type ‘const char*’
   std::cout << execute(set_args(args)) << std::endl;
                ~~~~~~~^~~~~~~~~~~~~~~~
In file included from /usr/include/c++/7/iostream:39:0,
                 from /home/vagrant/Labs/lab-11-process/sources/builder.cpp:3:
/usr/include/c++/7/ostream:539:5: note: candidate: template<class _CharT, class _Traits> std::basic_ostream<_CharT, _Traits>& std::operator<<(std::basic_ostream<_CharT, _Traits>&, const _CharT*)
     operator<<(basic_ostream<_CharT, _Traits>& __out, const _CharT* __s)
     ^~~~~~~~
/usr/include/c++/7/ostream:539:5: note:   template argument deduction/substitution failed:
/home/vagrant/Labs/lab-11-process/sources/builder.cpp:20:38: note:   mismatched types ‘const _CharT*’ and ‘boost::process::posix::child’
   std::cout << execute(set_args(args)) << std::endl;
                                      ^
In file included from /usr/include/c++/7/iostream:39:0,
                 from /home/vagrant/Labs/lab-11-process/sources/builder.cpp:3:
/usr/include/c++/7/ostream:519:5: note: candidate: template<class _Traits> std::basic_ostream<char, _Traits>& std::operator<<(std::basic_ostream<char, _Traits>&, unsigned char)
     operator<<(basic_ostream<char, _Traits>& __out, unsigned char __c)
     ^~~~~~~~
/usr/include/c++/7/ostream:519:5: note:   template argument deduction/substitution failed:
/home/vagrant/Labs/lab-11-process/sources/builder.cpp:20:23: note:   cannot convert ‘boost::process::posix::execute<boost::process::posix::initializers::set_args_<std::vector<std::__cxx11::basic_string<char> > > >(boost::process::posix::initializers::set_args(const Range&) [with Range = std::vector<std::__cxx11::basic_string<char> >]())’ (type ‘boost::process::posix::child’) to type ‘unsigned char’
   std::cout << execute(set_args(args)) << std::endl;
                ~~~~~~~^~~~~~~~~~~~~~~~
In file included from /usr/include/c++/7/iostream:39:0,
                 from /home/vagrant/Labs/lab-11-process/sources/builder.cpp:3:
/usr/include/c++/7/ostream:514:5: note: candidate: template<class _Traits> std::basic_ostream<char, _Traits>& std::operator<<(std::basic_ostream<char, _Traits>&, signed char)
     operator<<(basic_ostream<char, _Traits>& __out, signed char __c)
     ^~~~~~~~
/usr/include/c++/7/ostream:514:5: note:   template argument deduction/substitution failed:
/home/vagrant/Labs/lab-11-process/sources/builder.cpp:20:23: note:   cannot convert ‘boost::process::posix::execute<boost::process::posix::initializers::set_args_<std::vector<std::__cxx11::basic_string<char> > > >(boost::process::posix::initializers::set_args(const Range&) [with Range = std::vector<std::__cxx11::basic_string<char> >]())’ (type ‘boost::process::posix::child’) to type ‘signed char’
   std::cout << execute(set_args(args)) << std::endl;
                ~~~~~~~^~~~~~~~~~~~~~~~
In file included from /usr/include/c++/7/iostream:39:0,
                 from /home/vagrant/Labs/lab-11-process/sources/builder.cpp:3:
/usr/include/c++/7/ostream:508:5: note: candidate: template<class _Traits> std::basic_ostream<char, _Traits>& std::operator<<(std::basic_ostream<char, _Traits>&, char)
     operator<<(basic_ostream<char, _Traits>& __out, char __c)
     ^~~~~~~~
/usr/include/c++/7/ostream:508:5: note:   template argument deduction/substitution failed:
/home/vagrant/Labs/lab-11-process/sources/builder.cpp:20:23: note:   cannot convert ‘boost::process::posix::execute<boost::process::posix::initializers::set_args_<std::vector<std::__cxx11::basic_string<char> > > >(boost::process::posix::initializers::set_args(const Range&) [with Range = std::vector<std::__cxx11::basic_string<char> >]())’ (type ‘boost::process::posix::child’) to type ‘char’
   std::cout << execute(set_args(args)) << std::endl;
                ~~~~~~~^~~~~~~~~~~~~~~~
In file included from /usr/include/c++/7/iostream:39:0,
                 from /home/vagrant/Labs/lab-11-process/sources/builder.cpp:3:
/usr/include/c++/7/ostream:502:5: note: candidate: template<class _CharT, class _Traits> std::basic_ostream<_CharT, _Traits>& std::operator<<(std::basic_ostream<_CharT, _Traits>&, char)
     operator<<(basic_ostream<_CharT, _Traits>& __out, char __c)
     ^~~~~~~~
/usr/include/c++/7/ostream:502:5: note:   template argument deduction/substitution failed:
/home/vagrant/Labs/lab-11-process/sources/builder.cpp:20:23: note:   cannot convert ‘boost::process::posix::execute<boost::process::posix::initializers::set_args_<std::vector<std::__cxx11::basic_string<char> > > >(boost::process::posix::initializers::set_args(const Range&) [with Range = std::vector<std::__cxx11::basic_string<char> >]())’ (type ‘boost::process::posix::child’) to type ‘char’
   std::cout << execute(set_args(args)) << std::endl;
                ~~~~~~~^~~~~~~~~~~~~~~~
In file included from /usr/include/c++/7/iostream:39:0,
                 from /home/vagrant/Labs/lab-11-process/sources/builder.cpp:3:
/usr/include/c++/7/ostream:497:5: note: candidate: template<class _CharT, class _Traits> std::basic_ostream<_CharT, _Traits>& std::operator<<(std::basic_ostream<_CharT, _Traits>&, _CharT)
     operator<<(basic_ostream<_CharT, _Traits>& __out, _CharT __c)
     ^~~~~~~~
/usr/include/c++/7/ostream:497:5: note:   template argument deduction/substitution failed:
/home/vagrant/Labs/lab-11-process/sources/builder.cpp:20:38: note:   deduced conflicting types for parameter ‘_CharT’ (‘char’ and ‘boost::process::posix::child’)
   std::cout << execute(set_args(args)) << std::endl;
                                      ^
In file included from /usr/include/c++/7/bits/ios_base.h:46:0,
                 from /usr/include/c++/7/ios:42,
                 from /usr/include/c++/7/ostream:38,
                 from /usr/include/c++/7/iostream:39,
                 from /home/vagrant/Labs/lab-11-process/sources/builder.cpp:3:
/usr/include/c++/7/system_error:217:5: note: candidate: template<class _CharT, class _Traits> std::basic_ostream<_CharT, _Traits>& std::operator<<(std::basic_ostream<_CharT, _Traits>&, const std::error_code&)
     operator<<(basic_ostream<_CharT, _Traits>& __os, const error_code& __e)
     ^~~~~~~~
/usr/include/c++/7/system_error:217:5: note:   template argument deduction/substitution failed:
/home/vagrant/Labs/lab-11-process/sources/builder.cpp:20:23: note:   cannot convert ‘boost::process::posix::execute<boost::process::posix::initializers::set_args_<std::vector<std::__cxx11::basic_string<char> > > >(boost::process::posix::initializers::set_args(const Range&) [with Range = std::vector<std::__cxx11::basic_string<char> >]())’ (type ‘boost::process::posix::child’) to type ‘const std::error_code&’
   std::cout << execute(set_args(args)) << std::endl;
                ~~~~~~~^~~~~~~~~~~~~~~~
In file included from /usr/include/c++/7/string:52:0,
                 from /usr/include/c++/7/bits/locale_classes.h:40,
                 from /usr/include/c++/7/bits/ios_base.h:41,
                 from /usr/include/c++/7/ios:42,
                 from /usr/include/c++/7/ostream:38,
                 from /usr/include/c++/7/iostream:39,
                 from /home/vagrant/Labs/lab-11-process/sources/builder.cpp:3:
/usr/include/c++/7/bits/basic_string.h:6275:5: note: candidate: template<class _CharT, class _Traits, class _Alloc> std::basic_ostream<_CharT, _Traits>& std::operator<<(std::basic_ostream<_CharT, _Traits>&, const std::__cxx11::basic_string<_CharT, _Traits, _Alloc>&)
     operator<<(basic_ostream<_CharT, _Traits>& __os,
     ^~~~~~~~
/usr/include/c++/7/bits/basic_string.h:6275:5: note:   template argument deduction/substitution failed:
/home/vagrant/Labs/lab-11-process/sources/builder.cpp:20:38: note:   ‘boost::process::posix::child’ is not derived from ‘const std::__cxx11::basic_string<_CharT, _Traits, _Alloc>’
   std::cout << execute(set_args(args)) << std::endl;
                                      ^
In file included from /usr/include/c++/7/bits/basic_string.h:48:0,
                 from /usr/include/c++/7/string:52,
                 from /usr/include/c++/7/bits/locale_classes.h:40,
                 from /usr/include/c++/7/bits/ios_base.h:41,
                 from /usr/include/c++/7/ios:42,
                 from /usr/include/c++/7/ostream:38,
                 from /usr/include/c++/7/iostream:39,
                 from /home/vagrant/Labs/lab-11-process/sources/builder.cpp:3:
/usr/include/c++/7/string_view:559:5: note: candidate: template<class _CharT, class _Traits> std::basic_ostream<_CharT, _Traits>& std::operator<<(std::basic_ostream<_CharT, _Traits>&, std::basic_string_view<_CharT, _Traits>)
     operator<<(basic_ostream<_CharT, _Traits>& __os,
     ^~~~~~~~
/usr/include/c++/7/string_view:559:5: note:   template argument deduction/substitution failed:
/home/vagrant/Labs/lab-11-process/sources/builder.cpp:20:38: note:   ‘boost::process::posix::child’ is not derived from ‘std::basic_string_view<_CharT, _Traits>’
   std::cout << execute(set_args(args)) << std::endl;
                                      ^
At global scope:
cc1plus: error: unrecognized command line option ‘-Wno-unused-command-line-argument’ [-Werror]
cc1plus: all warnings being treated as errors
make[2]: *** [CMakeFiles/builder.dir/sources/builder.cpp.o] Error 1
make[1]: *** [CMakeFiles/builder.dir/all] Error 2
CMakeFiles/builder.dir/build.make:62: recipe for target 'CMakeFiles/builder.dir/sources/builder.cpp.o' failed
make: *** [all] Error 2
CMakeFiles/Makefile2:67: recipe for target 'CMakeFiles/builder.dir/all' failed
Makefile:94: recipe for target 'all' failed
