Execute command: [
  `which`
  `cmake`
]
[/home/vagrant/Labs/lab-11-process]> "which" "cmake"
/usr/bin/cmake
Execute command: [
  `cmake`
  `--version`
]
[/home/vagrant/Labs/lab-11-process]> "cmake" "--version"
cmake version 3.10.2

CMake suite maintained and supported by Kitware (kitware.com/cmake).
Execute command: [
  `cmake`
  `-H.`
  `-B/home/vagrant/Labs/lab-11-process/_builds/gcc-7-cxx17-pic-Debug`
  `-DCMAKE_BUILD_TYPE=Debug`
  `-GUnix Makefiles`
  `-DCMAKE_TOOLCHAIN_FILE=/home/vagrant/Labs/lab-11-process/tools/polly/gcc-7-cxx17-pic.cmake`
  `-DCMAKE_EXE_LINKER=-fuse-ld=gold`
  `-DHUNTER_CONFIGURATION_TYPES=Debug`
]
[/home/vagrant/Labs/lab-11-process]> "cmake" "-H." "-B/home/vagrant/Labs/lab-11-process/_builds/gcc-7-cxx17-pic-Debug" "-DCMAKE_BUILD_TYPE=Debug" "-GUnix Makefiles" "-DCMAKE_TOOLCHAIN_FILE=/home/vagrant/Labs/lab-11-process/tools/polly/gcc-7-cxx17-pic.cmake" "-DCMAKE_EXE_LINKER=-fuse-ld=gold" "-DHUNTER_CONFIGURATION_TYPES=Debug"
-- [polly] Used toolchain: gcc 7 / c++17 support / PIC
-- The C compiler identification is GNU 7.3.0
-- The CXX compiler identification is GNU 7.3.0
-- Check for working C compiler: /usr/bin/gcc-7
-- Check for working C compiler: /usr/bin/gcc-7 -- works
-- Detecting C compiler ABI info
-- Detecting C compiler ABI info - done
-- Detecting C compile features
-- Detecting C compile features - done
-- Check for working CXX compiler: /usr/bin/g++-7
-- Check for working CXX compiler: /usr/bin/g++-7 -- works
-- Detecting CXX compiler ABI info
-- Detecting CXX compiler ABI info - done
-- Detecting CXX compile features
-- Detecting CXX compile features - done
-- [hunter] Calculating Toolchain-SHA1
-- [hunter] Calculating Config-SHA1
-- [hunter] HUNTER_ROOT: /home/vagrant/.hunter
-- [hunter] [ Hunter-ID: 70287b1 | Toolchain-ID: fc9dcb2 | Config-ID: dffbc08 ]
-- [hunter] GTEST_ROOT: /home/vagrant/.hunter/_Base/70287b1/fc9dcb2/dffbc08/Install (ver.: 1.8.0-hunter-p11)
-- [hunter] BOOSTPROCESS_ROOT: /home/vagrant/.hunter/_Base/70287b1/fc9dcb2/dffbc08/Install (ver.: 0.5)
-- [hunter] Building BoostProcess
loading initial cache file /home/vagrant/.hunter/_Base/70287b1/fc9dcb2/dffbc08/cache.cmake
loading initial cache file /home/vagrant/.hunter/_Base/70287b1/fc9dcb2/dffbc08/Build/BoostProcess/args.cmake
-- [polly] Used toolchain: gcc 7 / c++17 support / PIC
-- The C compiler identification is GNU 7.3.0
-- The CXX compiler identification is GNU 7.3.0
-- Check for working C compiler: /usr/bin/gcc-7
-- Check for working C compiler: /usr/bin/gcc-7 -- works
-- Detecting C compile features
-- Detecting C compile features - done
-- Check for working CXX compiler: /usr/bin/g++-7
-- Check for working CXX compiler: /usr/bin/g++-7 -- works
-- Detecting CXX compile features
-- Detecting CXX compile features - done
-- Configuring done
-- Generating done
-- Build files have been written to: /home/vagrant/.hunter/_Base/70287b1/fc9dcb2/dffbc08/Build/BoostProcess/Build
Scanning dependencies of target BoostProcess-Debug
[ 12%] Creating directories for 'BoostProcess-Debug'
[ 25%] Performing download step (download, verify and extract) for 'BoostProcess-Debug'
-- Downloading...
   dst='/home/vagrant/.hunter/_Base/Download/BoostProcess/0.5/4142d7f/0.5-cmake-1.tar.gz'
   timeout='none'
-- Using src='https://github.com/alamaison/boost-process/archive/0.5-cmake-1.tar.gz'
-- verifying file...
       file='/home/vagrant/.hunter/_Base/Download/BoostProcess/0.5/4142d7f/0.5-cmake-1.tar.gz'
-- Downloading... done
-- extracting...
     src='/home/vagrant/.hunter/_Base/Download/BoostProcess/0.5/4142d7f/0.5-cmake-1.tar.gz'
     dst='/home/vagrant/.hunter/_Base/70287b1/fc9dcb2/dffbc08/Build/BoostProcess/Source'
-- extracting... [tar xfz]
-- extracting... [analysis]
-- extracting... [rename]
-- extracting... [clean up]
-- extracting... done
[ 37%] No patch step for 'BoostProcess-Debug'
[ 50%] No update step for 'BoostProcess-Debug'
[ 62%] Performing configure step for 'BoostProcess-Debug'
loading initial cache file /home/vagrant/.hunter/_Base/70287b1/fc9dcb2/dffbc08/cache.cmake
loading initial cache file /home/vagrant/.hunter/_Base/70287b1/fc9dcb2/dffbc08/Build/BoostProcess/args.cmake
-- [polly] Used toolchain: gcc 7 / c++17 support / PIC
-- The C compiler identification is GNU 7.3.0
-- The CXX compiler identification is GNU 7.3.0
-- Check for working C compiler: /usr/bin/gcc-7
-- Check for working C compiler: /usr/bin/gcc-7 -- works
-- Detecting C compile features
-- Detecting C compile features - done
-- Check for working CXX compiler: /usr/bin/g++-7
-- Check for working CXX compiler: /usr/bin/g++-7 -- works
-- Detecting CXX compile features
-- Detecting CXX compile features - done
-- [hunter] HUNTER_ROOT: /home/vagrant/.hunter
-- [hunter] [ Hunter-ID: 70287b1 | Toolchain-ID: fc9dcb2 | Config-ID: dffbc08 ]
-- [hunter] BOOST_ROOT: /home/vagrant/.hunter/_Base/70287b1/fc9dcb2/dffbc08/Install (ver.: 1.68.0-p1)
-- [hunter] BOOST_ROOT: /home/vagrant/.hunter/_Base/70287b1/fc9dcb2/dffbc08/Install (ver.: 1.68.0-p1)
-- [hunter] BOOST_ROOT: /home/vagrant/.hunter/_Base/70287b1/fc9dcb2/dffbc08/Install (ver.: 1.68.0-p1)
-- [hunter] BOOST_ROOT: /home/vagrant/.hunter/_Base/70287b1/fc9dcb2/dffbc08/Install (ver.: 1.68.0-p1)
-- [hunter] Building Boost (component: iostreams)
loading initial cache file /home/vagrant/.hunter/_Base/70287b1/fc9dcb2/dffbc08/cache.cmake
loading initial cache file /home/vagrant/.hunter/_Base/70287b1/fc9dcb2/dffbc08/Build/Boost/__iostreams/args.cmake
-- [polly] Used toolchain: gcc 7 / c++17 support / PIC
-- The C compiler identification is GNU 7.3.0
-- The CXX compiler identification is GNU 7.3.0
-- Check for working C compiler: /usr/bin/gcc-7
-- Check for working C compiler: /usr/bin/gcc-7 -- works
-- Detecting C compile features
-- Detecting C compile features - done
-- Check for working CXX compiler: /usr/bin/g++-7
-- Check for working CXX compiler: /usr/bin/g++-7 -- works
-- Detecting CXX compile features
-- Detecting CXX compile features - done
-- [hunter] HUNTER_ROOT: /home/vagrant/.hunter
-- [hunter] [ Hunter-ID: 70287b1 | Toolchain-ID: fc9dcb2 | Config-ID: dffbc08 ]
-- [hunter] ZLIB_ROOT: /home/vagrant/.hunter/_Base/70287b1/fc9dcb2/dffbc08/Install (ver.: 1.2.8-p3)
-- [hunter] Building ZLIB
loading initial cache file /home/vagrant/.hunter/_Base/70287b1/fc9dcb2/dffbc08/cache.cmake
loading initial cache file /home/vagrant/.hunter/_Base/70287b1/fc9dcb2/dffbc08/Build/ZLIB/args.cmake
-- [polly] Used toolchain: gcc 7 / c++17 support / PIC
-- The C compiler identification is GNU 7.3.0
-- The CXX compiler identification is GNU 7.3.0
-- Check for working C compiler: /usr/bin/gcc-7
-- Check for working C compiler: /usr/bin/gcc-7 -- works
-- Detecting C compile features
-- Detecting C compile features - done
-- Check for working CXX compiler: /usr/bin/g++-7
-- Check for working CXX compiler: /usr/bin/g++-7 -- works
-- Detecting CXX compile features
-- Detecting CXX compile features - done
-- Configuring done
-- Generating done
-- Build files have been written to: /home/vagrant/.hunter/_Base/70287b1/fc9dcb2/dffbc08/Build/ZLIB/Build
make[3]: Entering directory '/home/vagrant/.hunter/_Base/70287b1/fc9dcb2/dffbc08/Build/ZLIB/Build'
make[4]: Entering directory '/home/vagrant/.hunter/_Base/70287b1/fc9dcb2/dffbc08/Build/ZLIB/Build'
make[5]: Entering directory '/home/vagrant/.hunter/_Base/70287b1/fc9dcb2/dffbc08/Build/ZLIB/Build'
Scanning dependencies of target ZLIB-Debug
make[5]: Leaving directory '/home/vagrant/.hunter/_Base/70287b1/fc9dcb2/dffbc08/Build/ZLIB/Build'
make[5]: Entering directory '/home/vagrant/.hunter/_Base/70287b1/fc9dcb2/dffbc08/Build/ZLIB/Build'
[ 12%] Creating directories for 'ZLIB-Debug'
[ 25%] Performing download step (download, verify and extract) for 'ZLIB-Debug'
-- Downloading...
   dst='/home/vagrant/.hunter/_Base/Download/ZLIB/1.2.8-p3/573dc28/v1.2.8-p3.tar.gz'
   timeout='none'
-- Using src='https://github.com/hunter-packages/zlib/archive/v1.2.8-p3.tar.gz'
-- verifying file...
       file='/home/vagrant/.hunter/_Base/Download/ZLIB/1.2.8-p3/573dc28/v1.2.8-p3.tar.gz'
-- Downloading... done
-- extracting...
     src='/home/vagrant/.hunter/_Base/Download/ZLIB/1.2.8-p3/573dc28/v1.2.8-p3.tar.gz'
     dst='/home/vagrant/.hunter/_Base/70287b1/fc9dcb2/dffbc08/Build/ZLIB/Source'
-- extracting... [tar xfz]
-- extracting... [analysis]
-- extracting... [rename]
-- extracting... [clean up]
-- extracting... done
[ 37%] No patch step for 'ZLIB-Debug'
[ 50%] No update step for 'ZLIB-Debug'
[ 62%] Performing configure step for 'ZLIB-Debug'
loading initial cache file /home/vagrant/.hunter/_Base/70287b1/fc9dcb2/dffbc08/cache.cmake
loading initial cache file /home/vagrant/.hunter/_Base/70287b1/fc9dcb2/dffbc08/Build/ZLIB/args.cmake
-- [polly] Used toolchain: gcc 7 / c++17 support / PIC
-- The C compiler identification is GNU 7.3.0
-- Check for working C compiler: /usr/bin/gcc-7
-- Check for working C compiler: /usr/bin/gcc-7 -- works
-- Detecting C compile features
-- Detecting C compile features - done
-- Looking for sys/types.h
-- Looking for sys/types.h - found
-- Looking for stdint.h
-- Looking for stdint.h - found
-- Looking for stddef.h
-- Looking for stddef.h - found
-- Check size of off64_t
-- Check size of off64_t - done
-- Looking for fseeko
-- Looking for fseeko - found
-- Looking for unistd.h
-- Looking for unistd.h - found
-- Renaming
--     /home/vagrant/.hunter/_Base/70287b1/fc9dcb2/dffbc08/Build/ZLIB/Source/zconf.h
-- to 'zconf.h.included' because this file is included with zlib
-- but CMake generates it automatically in the build directory.
-- Configuring done
-- Generating done
-- Build files have been written to: /home/vagrant/.hunter/_Base/70287b1/fc9dcb2/dffbc08/Build/ZLIB/Build/ZLIB-Debug-prefix/src/ZLIB-Debug-build
[ 75%] Performing build step for 'ZLIB-Debug'
make[6]: Entering directory '/home/vagrant/.hunter/_Base/70287b1/fc9dcb2/dffbc08/Build/ZLIB/Build/ZLIB-Debug-prefix/src/ZLIB-Debug-build'
make[7]: Entering directory '/home/vagrant/.hunter/_Base/70287b1/fc9dcb2/dffbc08/Build/ZLIB/Build/ZLIB-Debug-prefix/src/ZLIB-Debug-build'
make[8]: Entering directory '/home/vagrant/.hunter/_Base/70287b1/fc9dcb2/dffbc08/Build/ZLIB/Build/ZLIB-Debug-prefix/src/ZLIB-Debug-build'
Scanning dependencies of target zlib
make[8]: Leaving directory '/home/vagrant/.hunter/_Base/70287b1/fc9dcb2/dffbc08/Build/ZLIB/Build/ZLIB-Debug-prefix/src/ZLIB-Debug-build'
make[8]: Entering directory '/home/vagrant/.hunter/_Base/70287b1/fc9dcb2/dffbc08/Build/ZLIB/Build/ZLIB-Debug-prefix/src/ZLIB-Debug-build'
[  4%] Building C object CMakeFiles/zlib.dir/adler32.c.o
[  8%] Building C object CMakeFiles/zlib.dir/compress.c.o
[ 16%] Building C object CMakeFiles/zlib.dir/deflate.c.o
[ 16%] Building C object CMakeFiles/zlib.dir/crc32.c.o
[ 20%] Building C object CMakeFiles/zlib.dir/gzclose.c.o
[ 25%] Building C object CMakeFiles/zlib.dir/gzlib.c.o
[ 29%] Building C object CMakeFiles/zlib.dir/gzread.c.o
[ 33%] Building C object CMakeFiles/zlib.dir/gzwrite.c.o
[ 37%] Building C object CMakeFiles/zlib.dir/inflate.c.o
[ 41%] Building C object CMakeFiles/zlib.dir/infback.c.o
[ 45%] Building C object CMakeFiles/zlib.dir/inftrees.c.o
[ 50%] Building C object CMakeFiles/zlib.dir/inffast.c.o
[ 54%] Building C object CMakeFiles/zlib.dir/trees.c.o
[ 58%] Building C object CMakeFiles/zlib.dir/uncompr.c.o
[ 62%] Building C object CMakeFiles/zlib.dir/zutil.c.o
[ 66%] Linking C static library libzd.a
make[8]: Leaving directory '/home/vagrant/.hunter/_Base/70287b1/fc9dcb2/dffbc08/Build/ZLIB/Build/ZLIB-Debug-prefix/src/ZLIB-Debug-build'
[ 66%] Built target zlib
make[8]: Entering directory '/home/vagrant/.hunter/_Base/70287b1/fc9dcb2/dffbc08/Build/ZLIB/Build/ZLIB-Debug-prefix/src/ZLIB-Debug-build'
make[8]: Entering directory '/home/vagrant/.hunter/_Base/70287b1/fc9dcb2/dffbc08/Build/ZLIB/Build/ZLIB-Debug-prefix/src/ZLIB-Debug-build'
Scanning dependencies of target minigzip
make[8]: Leaving directory '/home/vagrant/.hunter/_Base/70287b1/fc9dcb2/dffbc08/Build/ZLIB/Build/ZLIB-Debug-prefix/src/ZLIB-Debug-build'
Scanning dependencies of target example
make[8]: Leaving directory '/home/vagrant/.hunter/_Base/70287b1/fc9dcb2/dffbc08/Build/ZLIB/Build/ZLIB-Debug-prefix/src/ZLIB-Debug-build'
make[8]: Entering directory '/home/vagrant/.hunter/_Base/70287b1/fc9dcb2/dffbc08/Build/ZLIB/Build/ZLIB-Debug-prefix/src/ZLIB-Debug-build'
make[8]: Entering directory '/home/vagrant/.hunter/_Base/70287b1/fc9dcb2/dffbc08/Build/ZLIB/Build/ZLIB-Debug-prefix/src/ZLIB-Debug-build'
[ 70%] Building C object CMakeFiles/minigzip.dir/test/minigzip.c.o
[ 75%] Building C object CMakeFiles/example.dir/test/example.c.o
[ 79%] Linking C executable minigzip
[ 83%] Linking C executable example
make[8]: Leaving directory '/home/vagrant/.hunter/_Base/70287b1/fc9dcb2/dffbc08/Build/ZLIB/Build/ZLIB-Debug-prefix/src/ZLIB-Debug-build'
[ 83%] Built target minigzip
make[8]: Entering directory '/home/vagrant/.hunter/_Base/70287b1/fc9dcb2/dffbc08/Build/ZLIB/Build/ZLIB-Debug-prefix/src/ZLIB-Debug-build'
Scanning dependencies of target example64
make[8]: Leaving directory '/home/vagrant/.hunter/_Base/70287b1/fc9dcb2/dffbc08/Build/ZLIB/Build/ZLIB-Debug-prefix/src/ZLIB-Debug-build'
make[8]: Entering directory '/home/vagrant/.hunter/_Base/70287b1/fc9dcb2/dffbc08/Build/ZLIB/Build/ZLIB-Debug-prefix/src/ZLIB-Debug-build'
make[8]: Leaving directory '/home/vagrant/.hunter/_Base/70287b1/fc9dcb2/dffbc08/Build/ZLIB/Build/ZLIB-Debug-prefix/src/ZLIB-Debug-build'
[ 87%] Building C object CMakeFiles/example64.dir/test/example.c.o
[ 87%] Built target example
make[8]: Entering directory '/home/vagrant/.hunter/_Base/70287b1/fc9dcb2/dffbc08/Build/ZLIB/Build/ZLIB-Debug-prefix/src/ZLIB-Debug-build'
Scanning dependencies of target minigzip64
make[8]: Leaving directory '/home/vagrant/.hunter/_Base/70287b1/fc9dcb2/dffbc08/Build/ZLIB/Build/ZLIB-Debug-prefix/src/ZLIB-Debug-build'
make[8]: Entering directory '/home/vagrant/.hunter/_Base/70287b1/fc9dcb2/dffbc08/Build/ZLIB/Build/ZLIB-Debug-prefix/src/ZLIB-Debug-build'
[ 91%] Building C object CMakeFiles/minigzip64.dir/test/minigzip.c.o
[ 95%] Linking C executable example64
[100%] Linking C executable minigzip64
make[8]: Leaving directory '/home/vagrant/.hunter/_Base/70287b1/fc9dcb2/dffbc08/Build/ZLIB/Build/ZLIB-Debug-prefix/src/ZLIB-Debug-build'
[100%] Built target example64
make[8]: Leaving directory '/home/vagrant/.hunter/_Base/70287b1/fc9dcb2/dffbc08/Build/ZLIB/Build/ZLIB-Debug-prefix/src/ZLIB-Debug-build'
[100%] Built target minigzip64
make[7]: Leaving directory '/home/vagrant/.hunter/_Base/70287b1/fc9dcb2/dffbc08/Build/ZLIB/Build/ZLIB-Debug-prefix/src/ZLIB-Debug-build'
make[6]: Leaving directory '/home/vagrant/.hunter/_Base/70287b1/fc9dcb2/dffbc08/Build/ZLIB/Build/ZLIB-Debug-prefix/src/ZLIB-Debug-build'
[ 87%] Performing install step for 'ZLIB-Debug'
make[6]: Entering directory '/home/vagrant/.hunter/_Base/70287b1/fc9dcb2/dffbc08/Build/ZLIB/Build/ZLIB-Debug-prefix/src/ZLIB-Debug-build'
make[7]: Entering directory '/home/vagrant/.hunter/_Base/70287b1/fc9dcb2/dffbc08/Build/ZLIB/Build/ZLIB-Debug-prefix/src/ZLIB-Debug-build'
make[8]: Entering directory '/home/vagrant/.hunter/_Base/70287b1/fc9dcb2/dffbc08/Build/ZLIB/Build/ZLIB-Debug-prefix/src/ZLIB-Debug-build'
make[8]: Leaving directory '/home/vagrant/.hunter/_Base/70287b1/fc9dcb2/dffbc08/Build/ZLIB/Build/ZLIB-Debug-prefix/src/ZLIB-Debug-build'
[ 66%] Built target zlib
make[8]: Entering directory '/home/vagrant/.hunter/_Base/70287b1/fc9dcb2/dffbc08/Build/ZLIB/Build/ZLIB-Debug-prefix/src/ZLIB-Debug-build'
make[8]: Leaving directory '/home/vagrant/.hunter/_Base/70287b1/fc9dcb2/dffbc08/Build/ZLIB/Build/ZLIB-Debug-prefix/src/ZLIB-Debug-build'
[ 75%] Built target example
make[8]: Entering directory '/home/vagrant/.hunter/_Base/70287b1/fc9dcb2/dffbc08/Build/ZLIB/Build/ZLIB-Debug-prefix/src/ZLIB-Debug-build'
make[8]: Leaving directory '/home/vagrant/.hunter/_Base/70287b1/fc9dcb2/dffbc08/Build/ZLIB/Build/ZLIB-Debug-prefix/src/ZLIB-Debug-build'
[ 83%] Built target minigzip
make[8]: Entering directory '/home/vagrant/.hunter/_Base/70287b1/fc9dcb2/dffbc08/Build/ZLIB/Build/ZLIB-Debug-prefix/src/ZLIB-Debug-build'
make[8]: Leaving directory '/home/vagrant/.hunter/_Base/70287b1/fc9dcb2/dffbc08/Build/ZLIB/Build/ZLIB-Debug-prefix/src/ZLIB-Debug-build'
[ 91%] Built target example64
make[8]: Entering directory '/home/vagrant/.hunter/_Base/70287b1/fc9dcb2/dffbc08/Build/ZLIB/Build/ZLIB-Debug-prefix/src/ZLIB-Debug-build'
make[8]: Leaving directory '/home/vagrant/.hunter/_Base/70287b1/fc9dcb2/dffbc08/Build/ZLIB/Build/ZLIB-Debug-prefix/src/ZLIB-Debug-build'
[100%] Built target minigzip64
make[7]: Leaving directory '/home/vagrant/.hunter/_Base/70287b1/fc9dcb2/dffbc08/Build/ZLIB/Build/ZLIB-Debug-prefix/src/ZLIB-Debug-build'
Install the project...
-- Install configuration: "Debug"
-- Installing: /home/vagrant/.hunter/_Base/70287b1/fc9dcb2/dffbc08/Build/ZLIB/Install/lib/libzd.a
-- Installing: /home/vagrant/.hunter/_Base/70287b1/fc9dcb2/dffbc08/Build/ZLIB/Install/lib/cmake/ZLIB/ZLIBConfig.cmake
-- Installing: /home/vagrant/.hunter/_Base/70287b1/fc9dcb2/dffbc08/Build/ZLIB/Install/lib/cmake/ZLIB/ZLIBConfigVersion.cmake
-- Installing: /home/vagrant/.hunter/_Base/70287b1/fc9dcb2/dffbc08/Build/ZLIB/Install/lib/cmake/ZLIB/ZLIBTargets.cmake
-- Installing: /home/vagrant/.hunter/_Base/70287b1/fc9dcb2/dffbc08/Build/ZLIB/Install/lib/cmake/ZLIB/ZLIBTargets-debug.cmake
-- Installing: /home/vagrant/.hunter/_Base/70287b1/fc9dcb2/dffbc08/Build/ZLIB/Install/include/zconf.h
-- Installing: /home/vagrant/.hunter/_Base/70287b1/fc9dcb2/dffbc08/Build/ZLIB/Install/include/zlib.h
-- Installing: /home/vagrant/.hunter/_Base/70287b1/fc9dcb2/dffbc08/Build/ZLIB/Install/share/man/man3/zlib.3
-- Installing: /home/vagrant/.hunter/_Base/70287b1/fc9dcb2/dffbc08/Build/ZLIB/Install/share/pkgconfig/zlib.pc
make[6]: Leaving directory '/home/vagrant/.hunter/_Base/70287b1/fc9dcb2/dffbc08/Build/ZLIB/Build/ZLIB-Debug-prefix/src/ZLIB-Debug-build'
loading initial cache file /home/vagrant/.hunter/_Base/70287b1/fc9dcb2/dffbc08/Build/ZLIB/args.cmake
[100%] Completed 'ZLIB-Debug'
make[5]: Leaving directory '/home/vagrant/.hunter/_Base/70287b1/fc9dcb2/dffbc08/Build/ZLIB/Build'
[100%] Built target ZLIB-Debug
make[4]: Leaving directory '/home/vagrant/.hunter/_Base/70287b1/fc9dcb2/dffbc08/Build/ZLIB/Build'
make[3]: Leaving directory '/home/vagrant/.hunter/_Base/70287b1/fc9dcb2/dffbc08/Build/ZLIB/Build'
-- [hunter] Build step successful (dir: /home/vagrant/.hunter/_Base/70287b1/fc9dcb2/dffbc08/Build/ZLIB)
-- [hunter] Cache saved: /home/vagrant/.hunter/_Base/Cache/raw/983c1a82ea5e4e6f5b17645a7d02f767df2a0d30.tar.bz2
-- [hunter] BZIP2_ROOT: /home/vagrant/.hunter/_Base/70287b1/fc9dcb2/dffbc08/Install (ver.: 1.0.6-p3)
-- [hunter] Building BZip2
loading initial cache file /home/vagrant/.hunter/_Base/70287b1/fc9dcb2/dffbc08/cache.cmake
loading initial cache file /home/vagrant/.hunter/_Base/70287b1/fc9dcb2/dffbc08/Build/BZip2/args.cmake
-- [polly] Used toolchain: gcc 7 / c++17 support / PIC
-- The C compiler identification is GNU 7.3.0
-- The CXX compiler identification is GNU 7.3.0
-- Check for working C compiler: /usr/bin/gcc-7
-- Check for working C compiler: /usr/bin/gcc-7 -- works
-- Detecting C compile features
-- Detecting C compile features - done
-- Check for working CXX compiler: /usr/bin/g++-7
-- Check for working CXX compiler: /usr/bin/g++-7 -- works
-- Detecting CXX compile features
-- Detecting CXX compile features - done
-- Configuring done
-- Generating done
-- Build files have been written to: /home/vagrant/.hunter/_Base/70287b1/fc9dcb2/dffbc08/Build/BZip2/Build
make[3]: Entering directory '/home/vagrant/.hunter/_Base/70287b1/fc9dcb2/dffbc08/Build/BZip2/Build'
make[4]: Entering directory '/home/vagrant/.hunter/_Base/70287b1/fc9dcb2/dffbc08/Build/BZip2/Build'
make[5]: Entering directory '/home/vagrant/.hunter/_Base/70287b1/fc9dcb2/dffbc08/Build/BZip2/Build'
Scanning dependencies of target BZip2-Debug
make[5]: Leaving directory '/home/vagrant/.hunter/_Base/70287b1/fc9dcb2/dffbc08/Build/BZip2/Build'
make[5]: Entering directory '/home/vagrant/.hunter/_Base/70287b1/fc9dcb2/dffbc08/Build/BZip2/Build'
[ 12%] Creating directories for 'BZip2-Debug'
[ 25%] Performing download step (download, verify and extract) for 'BZip2-Debug'
-- Downloading...
   dst='/home/vagrant/.hunter/_Base/Download/BZip2/1.0.6-p3/f0ebd4c/v1.0.6-p3.tar.gz'
   timeout='none'
-- Using src='https://github.com/hunter-packages/bzip2/archive/v1.0.6-p3.tar.gz'
-- verifying file...
       file='/home/vagrant/.hunter/_Base/Download/BZip2/1.0.6-p3/f0ebd4c/v1.0.6-p3.tar.gz'
-- Downloading... done
-- extracting...
     src='/home/vagrant/.hunter/_Base/Download/BZip2/1.0.6-p3/f0ebd4c/v1.0.6-p3.tar.gz'
     dst='/home/vagrant/.hunter/_Base/70287b1/fc9dcb2/dffbc08/Build/BZip2/Source'
-- extracting... [tar xfz]
-- extracting... [analysis]
-- extracting... [rename]
-- extracting... [clean up]
-- extracting... done
[ 37%] No patch step for 'BZip2-Debug'
[ 50%] No update step for 'BZip2-Debug'
[ 62%] Performing configure step for 'BZip2-Debug'
loading initial cache file /home/vagrant/.hunter/_Base/70287b1/fc9dcb2/dffbc08/cache.cmake
loading initial cache file /home/vagrant/.hunter/_Base/70287b1/fc9dcb2/dffbc08/Build/BZip2/args.cmake
-- [polly] Used toolchain: gcc 7 / c++17 support / PIC
-- The C compiler identification is GNU 7.3.0
-- Check for working C compiler: /usr/bin/gcc-7
-- Check for working C compiler: /usr/bin/gcc-7 -- works
-- Detecting C compile features
-- Detecting C compile features - done
-- Configuring done
-- Generating done
-- Build files have been written to: /home/vagrant/.hunter/_Base/70287b1/fc9dcb2/dffbc08/Build/BZip2/Build/BZip2-Debug-prefix/src/BZip2-Debug-build
[ 75%] Performing build step for 'BZip2-Debug'
make[6]: Entering directory '/home/vagrant/.hunter/_Base/70287b1/fc9dcb2/dffbc08/Build/BZip2/Build/BZip2-Debug-prefix/src/BZip2-Debug-build'
make[7]: Entering directory '/home/vagrant/.hunter/_Base/70287b1/fc9dcb2/dffbc08/Build/BZip2/Build/BZip2-Debug-prefix/src/BZip2-Debug-build'
make[8]: Entering directory '/home/vagrant/.hunter/_Base/70287b1/fc9dcb2/dffbc08/Build/BZip2/Build/BZip2-Debug-prefix/src/BZip2-Debug-build'
make[8]: Entering directory '/home/vagrant/.hunter/_Base/70287b1/fc9dcb2/dffbc08/Build/BZip2/Build/BZip2-Debug-prefix/src/BZip2-Debug-build'
Scanning dependencies of target bz2
make[8]: Leaving directory '/home/vagrant/.hunter/_Base/70287b1/fc9dcb2/dffbc08/Build/BZip2/Build/BZip2-Debug-prefix/src/BZip2-Debug-build'
make[8]: Entering directory '/home/vagrant/.hunter/_Base/70287b1/fc9dcb2/dffbc08/Build/BZip2/Build/BZip2-Debug-prefix/src/BZip2-Debug-build'
Scanning dependencies of target spew
make[8]: Leaving directory '/home/vagrant/.hunter/_Base/70287b1/fc9dcb2/dffbc08/Build/BZip2/Build/BZip2-Debug-prefix/src/BZip2-Debug-build'
make[8]: Entering directory '/home/vagrant/.hunter/_Base/70287b1/fc9dcb2/dffbc08/Build/BZip2/Build/BZip2-Debug-prefix/src/BZip2-Debug-build'
[  7%] Building C object CMakeFiles/bz2.dir/blocksort.c.o
[ 14%] Building C object CMakeFiles/spew.dir/spewG.c.o
[ 21%] Linking C executable spew
[ 28%] Building C object CMakeFiles/bz2.dir/huffman.c.o
make[8]: Leaving directory '/home/vagrant/.hunter/_Base/70287b1/fc9dcb2/dffbc08/Build/BZip2/Build/BZip2-Debug-prefix/src/BZip2-Debug-build'
[ 28%] Built target spew
[ 35%] Building C object CMakeFiles/bz2.dir/crctable.c.o
[ 42%] Building C object CMakeFiles/bz2.dir/randtable.c.o
[ 50%] Building C object CMakeFiles/bz2.dir/compress.c.o
[ 57%] Building C object CMakeFiles/bz2.dir/decompress.c.o
[ 64%] Building C object CMakeFiles/bz2.dir/bzlib.c.o
[ 71%] Linking C static library libbz2d.a
make[8]: Leaving directory '/home/vagrant/.hunter/_Base/70287b1/fc9dcb2/dffbc08/Build/BZip2/Build/BZip2-Debug-prefix/src/BZip2-Debug-build'
[ 71%] Built target bz2
make[8]: Entering directory '/home/vagrant/.hunter/_Base/70287b1/fc9dcb2/dffbc08/Build/BZip2/Build/BZip2-Debug-prefix/src/BZip2-Debug-build'
make[8]: Entering directory '/home/vagrant/.hunter/_Base/70287b1/fc9dcb2/dffbc08/Build/BZip2/Build/BZip2-Debug-prefix/src/BZip2-Debug-build'
Scanning dependencies of target bzip2_bin
make[8]: Leaving directory '/home/vagrant/.hunter/_Base/70287b1/fc9dcb2/dffbc08/Build/BZip2/Build/BZip2-Debug-prefix/src/BZip2-Debug-build'
Scanning dependencies of target bzip2recover
make[8]: Leaving directory '/home/vagrant/.hunter/_Base/70287b1/fc9dcb2/dffbc08/Build/BZip2/Build/BZip2-Debug-prefix/src/BZip2-Debug-build'
make[8]: Entering directory '/home/vagrant/.hunter/_Base/70287b1/fc9dcb2/dffbc08/Build/BZip2/Build/BZip2-Debug-prefix/src/BZip2-Debug-build'
make[8]: Entering directory '/home/vagrant/.hunter/_Base/70287b1/fc9dcb2/dffbc08/Build/BZip2/Build/BZip2-Debug-prefix/src/BZip2-Debug-build'
[ 78%] Building C object CMakeFiles/bzip2_bin.dir/bzip2.c.o
[ 85%] Building C object CMakeFiles/bzip2recover.dir/bzip2recover.c.o
[ 92%] Linking C executable bzip2recover
make[8]: Leaving directory '/home/vagrant/.hunter/_Base/70287b1/fc9dcb2/dffbc08/Build/BZip2/Build/BZip2-Debug-prefix/src/BZip2-Debug-build'
[ 92%] Built target bzip2recover
[100%] Linking C executable bzip2
make[8]: Leaving directory '/home/vagrant/.hunter/_Base/70287b1/fc9dcb2/dffbc08/Build/BZip2/Build/BZip2-Debug-prefix/src/BZip2-Debug-build'
[100%] Built target bzip2_bin
make[7]: Leaving directory '/home/vagrant/.hunter/_Base/70287b1/fc9dcb2/dffbc08/Build/BZip2/Build/BZip2-Debug-prefix/src/BZip2-Debug-build'
make[6]: Leaving directory '/home/vagrant/.hunter/_Base/70287b1/fc9dcb2/dffbc08/Build/BZip2/Build/BZip2-Debug-prefix/src/BZip2-Debug-build'
[ 87%] Performing install step for 'BZip2-Debug'
make[6]: Entering directory '/home/vagrant/.hunter/_Base/70287b1/fc9dcb2/dffbc08/Build/BZip2/Build/BZip2-Debug-prefix/src/BZip2-Debug-build'
make[7]: Entering directory '/home/vagrant/.hunter/_Base/70287b1/fc9dcb2/dffbc08/Build/BZip2/Build/BZip2-Debug-prefix/src/BZip2-Debug-build'
make[8]: Entering directory '/home/vagrant/.hunter/_Base/70287b1/fc9dcb2/dffbc08/Build/BZip2/Build/BZip2-Debug-prefix/src/BZip2-Debug-build'
make[8]: Leaving directory '/home/vagrant/.hunter/_Base/70287b1/fc9dcb2/dffbc08/Build/BZip2/Build/BZip2-Debug-prefix/src/BZip2-Debug-build'
[ 57%] Built target bz2
make[8]: Entering directory '/home/vagrant/.hunter/_Base/70287b1/fc9dcb2/dffbc08/Build/BZip2/Build/BZip2-Debug-prefix/src/BZip2-Debug-build'
make[8]: Leaving directory '/home/vagrant/.hunter/_Base/70287b1/fc9dcb2/dffbc08/Build/BZip2/Build/BZip2-Debug-prefix/src/BZip2-Debug-build'
[ 71%] Built target bzip2recover
make[8]: Entering directory '/home/vagrant/.hunter/_Base/70287b1/fc9dcb2/dffbc08/Build/BZip2/Build/BZip2-Debug-prefix/src/BZip2-Debug-build'
make[8]: Leaving directory '/home/vagrant/.hunter/_Base/70287b1/fc9dcb2/dffbc08/Build/BZip2/Build/BZip2-Debug-prefix/src/BZip2-Debug-build'
[ 85%] Built target bzip2_bin
make[8]: Entering directory '/home/vagrant/.hunter/_Base/70287b1/fc9dcb2/dffbc08/Build/BZip2/Build/BZip2-Debug-prefix/src/BZip2-Debug-build'
make[8]: Leaving directory '/home/vagrant/.hunter/_Base/70287b1/fc9dcb2/dffbc08/Build/BZip2/Build/BZip2-Debug-prefix/src/BZip2-Debug-build'
[100%] Built target spew
make[7]: Leaving directory '/home/vagrant/.hunter/_Base/70287b1/fc9dcb2/dffbc08/Build/BZip2/Build/BZip2-Debug-prefix/src/BZip2-Debug-build'
Install the project...
-- Install configuration: "Debug"
-- Installing: /home/vagrant/.hunter/_Base/70287b1/fc9dcb2/dffbc08/Build/BZip2/Install/bin/bzdiff
-- Installing: /home/vagrant/.hunter/_Base/70287b1/fc9dcb2/dffbc08/Build/BZip2/Install/bin/bzgrep
-- Installing: /home/vagrant/.hunter/_Base/70287b1/fc9dcb2/dffbc08/Build/BZip2/Install/bin/bzmore
-- Installing: /home/vagrant/.hunter/_Base/70287b1/fc9dcb2/dffbc08/Build/BZip2/Install/doc/bzip2.txt
-- Installing: /home/vagrant/.hunter/_Base/70287b1/fc9dcb2/dffbc08/Build/BZip2/Install/doc/manual.pdf
-- Installing: /home/vagrant/.hunter/_Base/70287b1/fc9dcb2/dffbc08/Build/BZip2/Install/doc/html/manual.html
-- Installing: /home/vagrant/.hunter/_Base/70287b1/fc9dcb2/dffbc08/Build/BZip2/Install/lib/libbz2d.a
-- Installing: /home/vagrant/.hunter/_Base/70287b1/fc9dcb2/dffbc08/Build/BZip2/Install/include/bzlib.h
-- Installing: /home/vagrant/.hunter/_Base/70287b1/fc9dcb2/dffbc08/Build/BZip2/Install/bin/bzip2recover
-- Installing: /home/vagrant/.hunter/_Base/70287b1/fc9dcb2/dffbc08/Build/BZip2/Install/bin/bzip2
-- Installing: /home/vagrant/.hunter/_Base/70287b1/fc9dcb2/dffbc08/Build/BZip2/Install/lib/cmake/BZip2/BZip2Config.cmake
-- Installing: /home/vagrant/.hunter/_Base/70287b1/fc9dcb2/dffbc08/Build/BZip2/Install/lib/cmake/BZip2/BZip2ConfigVersion.cmake
-- Installing: /home/vagrant/.hunter/_Base/70287b1/fc9dcb2/dffbc08/Build/BZip2/Install/lib/cmake/BZip2/BZip2Targets.cmake
-- Installing: /home/vagrant/.hunter/_Base/70287b1/fc9dcb2/dffbc08/Build/BZip2/Install/lib/cmake/BZip2/BZip2Targets-debug.cmake
make[6]: Leaving directory '/home/vagrant/.hunter/_Base/70287b1/fc9dcb2/dffbc08/Build/BZip2/Build/BZip2-Debug-prefix/src/BZip2-Debug-build'
loading initial cache file /home/vagrant/.hunter/_Base/70287b1/fc9dcb2/dffbc08/Build/BZip2/args.cmake
[100%] Completed 'BZip2-Debug'
make[5]: Leaving directory '/home/vagrant/.hunter/_Base/70287b1/fc9dcb2/dffbc08/Build/BZip2/Build'
[100%] Built target BZip2-Debug
make[4]: Leaving directory '/home/vagrant/.hunter/_Base/70287b1/fc9dcb2/dffbc08/Build/BZip2/Build'
make[3]: Leaving directory '/home/vagrant/.hunter/_Base/70287b1/fc9dcb2/dffbc08/Build/BZip2/Build'
-- [hunter] Build step successful (dir: /home/vagrant/.hunter/_Base/70287b1/fc9dcb2/dffbc08/Build/BZip2)
-- [hunter] Cache saved: /home/vagrant/.hunter/_Base/Cache/raw/baf3e1891c898b407a54791906028bafe4ed7f60.tar.bz2
-- Configuring done
-- Generating done
-- Build files have been written to: /home/vagrant/.hunter/_Base/70287b1/fc9dcb2/dffbc08/Build/Boost/__iostreams/Build
make[3]: Entering directory '/home/vagrant/.hunter/_Base/70287b1/fc9dcb2/dffbc08/Build/Boost/__iostreams/Build'
make[4]: Entering directory '/home/vagrant/.hunter/_Base/70287b1/fc9dcb2/dffbc08/Build/Boost/__iostreams/Build'
make[5]: Entering directory '/home/vagrant/.hunter/_Base/70287b1/fc9dcb2/dffbc08/Build/Boost/__iostreams/Build'
Scanning dependencies of target Boost-iostreams
make[5]: Leaving directory '/home/vagrant/.hunter/_Base/70287b1/fc9dcb2/dffbc08/Build/Boost/__iostreams/Build'
make[5]: Entering directory '/home/vagrant/.hunter/_Base/70287b1/fc9dcb2/dffbc08/Build/Boost/__iostreams/Build'
[ 12%] Creating directories for 'Boost-iostreams'
[ 25%] Performing download step (download, verify and extract) for 'Boost-iostreams'
-- verifying file...
       file='/home/vagrant/.hunter/_Base/Download/Boost/1.68.0-p1/0bb10b0/v1.68.0-p1.tar.gz'
-- File already exists and hash match (skip download):
  file='/home/vagrant/.hunter/_Base/Download/Boost/1.68.0-p1/0bb10b0/v1.68.0-p1.tar.gz'
  SHA1='0bb10b0a0fdc196646c87e0143c0290baa32357d'
-- extracting...
     src='/home/vagrant/.hunter/_Base/Download/Boost/1.68.0-p1/0bb10b0/v1.68.0-p1.tar.gz'
     dst='/home/vagrant/.hunter/_Base/70287b1/fc9dcb2/dffbc08/Build/Boost/__iostreams/Source'
-- extracting... [tar xfz]
-- extracting... [analysis]
-- extracting... [rename]
-- extracting... [clean up]
-- extracting... done
[ 37%] No patch step for 'Boost-iostreams'
[ 50%] Performing update step for 'Boost-iostreams'
[ 62%] Performing configure step for 'Boost-iostreams'
Dummy patch command
Building Boost.Build engine with toolset gcc... tools/build/src/engine/bin.linuxx86_64/b2
Detecting Python version... 2.7
Detecting Python root... /usr
Unicode/ICU support for Boost.Regex?... not found.
Generating Boost.Build configuration in project-config.jam...

Bootstrapping is done. To build, run:

    ./b2

To adjust configuration, edit 'project-config.jam'.
Further information:

   - Command line help:
     ./b2 --help

   - Getting started guide:
     http://www.boost.org/more/getting_started/unix-variants.html

   - Boost.Build documentation:
     http://www.boost.org/build/doc/html/index.html

[ 75%] Performing build step for 'Boost-iostreams'
Performing configuration checks

    - default address-model    : 64-bit
    - default architecture     : x86

Building the Boost C++ Libraries.


    - zlib                     : yes
    - bzip2                    : yes
    - lzma                     : yes
    - symlinks supported       : yes
    - zlib                     : yes (cached)
    - bzip2                    : yes (cached)
    - lzma                     : yes (cached)

Component configuration:

    - atomic                   : not building
    - chrono                   : not building
    - container                : not building
    - context                  : not building
    - contract                 : not building
    - coroutine                : not building
    - date_time                : not building
    - exception                : not building
    - fiber                    : not building
    - filesystem               : not building
    - graph                    : not building
    - graph_parallel           : not building
    - iostreams                : building
    - locale                   : not building
    - log                      : not building
    - math                     : not building
    - mpi                      : not building
    - program_options          : not building
    - python                   : not building
    - random                   : not building
    - regex                    : not building
    - serialization            : not building
    - signals                  : not building
    - stacktrace               : not building
    - system                   : not building
    - test                     : not building
    - thread                   : not building
    - timer                    : not building
    - type_erasure             : not building
    - wave                     : not building

...patience...
...found 794 targets...
...updating 32 targets...
link.mklink boost/chrono/stopwatches.hpp
mklink-or-dir boost/chrono/stopwatches
gcc.compile.c++ bin.v2/libs/iostreams/build/gcc-7.3.0/release/link-static/threading-multi/file_descriptor.o
gcc.compile.c++ bin.v2/libs/iostreams/build/gcc-7.3.0/debug/link-static/threading-multi/file_descriptor.o
gcc.compile.c++ bin.v2/libs/iostreams/build/gcc-7.3.0/release/link-static/threading-multi/bzip2.o
gcc.compile.c++ bin.v2/libs/iostreams/build/gcc-7.3.0/release/link-static/threading-multi/mapped_file.o
gcc.compile.c++ bin.v2/libs/iostreams/build/gcc-7.3.0/release/link-static/threading-multi/gzip.o
gcc.compile.c++ bin.v2/libs/iostreams/build/gcc-7.3.0/release/link-static/threading-multi/lzma.o
gcc.compile.c++ bin.v2/libs/iostreams/build/gcc-7.3.0/release/link-static/threading-multi/zlib.o
gcc.archive bin.v2/libs/iostreams/build/gcc-7.3.0/release/link-static/threading-multi/libboost_iostreams-mt.a
gcc.compile.c++ bin.v2/libs/iostreams/build/gcc-7.3.0/debug/link-static/threading-multi/mapped_file.o
common.copy stage/lib/libboost_iostreams-mt.a
gcc.compile.c++ bin.v2/libs/iostreams/build/gcc-7.3.0/debug/link-static/threading-multi/bzip2.o
gcc.compile.c++ bin.v2/libs/iostreams/build/gcc-7.3.0/debug/link-static/threading-multi/gzip.o
gcc.compile.c++ bin.v2/libs/iostreams/build/gcc-7.3.0/debug/link-static/threading-multi/lzma.o
gcc.compile.c++ bin.v2/libs/iostreams/build/gcc-7.3.0/debug/link-static/threading-multi/zlib.o
gcc.archive bin.v2/libs/iostreams/build/gcc-7.3.0/debug/link-static/threading-multi/libboost_iostreams-mt-d.a
common.copy stage/lib/libboost_iostreams-mt-d.a
...updated 32 targets...


The Boost C++ Libraries were successfully built!

The following directory should be added to compiler include paths:

    /home/vagrant/.hunter/_Base/70287b1/fc9dcb2/dffbc08/Build/Boost/__iostreams/Source

The following directory should be added to linker library paths:

    /home/vagrant/.hunter/_Base/70287b1/fc9dcb2/dffbc08/Build/Boost/__iostreams/Source/stage/lib

[ 87%] Performing install step for 'Boost-iostreams'
Performing configuration checks

    - default address-model    : 64-bit
    - default architecture     : x86
    - zlib                     : yes
    - bzip2                    : yes
    - lzma                     : yes
    - symlinks supported       : yes
    - zlib                     : yes (cached)
    - bzip2                    : yes (cached)
    - lzma                     : yes (cached)

Component configuration:

    - atomic                   : not building
    - chrono                   : not building
    - container                : not building
    - context                  : not building
    - contract                 : not building
    - coroutine                : not building
    - date_time                : not building
    - exception                : not building
    - fiber                    : not building
    - filesystem               : not building
    - graph                    : not building
    - graph_parallel           : not building
    - iostreams                : building
    - locale                   : not building
    - log                      : not building
    - math                     : not building
    - mpi                      : not building
    - program_options          : not building
    - python                   : not building
    - random                   : not building
    - regex                    : not building
    - serialization            : not building
    - signals                  : not building
    - stacktrace               : not building
    - system                   : not building
    - test                     : not building
    - thread                   : not building
    - timer                    : not building
    - type_erasure             : not building
    - wave                     : not building

[100%] Completed 'Boost-iostreams'
make[5]: Leaving directory '/home/vagrant/.hunter/_Base/70287b1/fc9dcb2/dffbc08/Build/Boost/__iostreams/Build'
[100%] Built target Boost-iostreams
make[4]: Leaving directory '/home/vagrant/.hunter/_Base/70287b1/fc9dcb2/dffbc08/Build/Boost/__iostreams/Build'
make[3]: Leaving directory '/home/vagrant/.hunter/_Base/70287b1/fc9dcb2/dffbc08/Build/Boost/__iostreams/Build'
-- [hunter] Build step successful (dir: /home/vagrant/.hunter/_Base/70287b1/fc9dcb2/dffbc08/Build/Boost/__iostreams)
-- [hunter] Cache saved: /home/vagrant/.hunter/_Base/Cache/raw/96d2bc63afd1f382b2e912cb5e9c406a7f8eafdb.tar.bz2
-- Boost version: 1.68.0
-- Found the following Boost libraries:
--   system
--   filesystem
--   iostreams
-- Configuring done
-- Generating done
-- Build files have been written to: /home/vagrant/.hunter/_Base/70287b1/fc9dcb2/dffbc08/Build/BoostProcess/Build/BoostProcess-Debug-prefix/src/BoostProcess-Debug-build
[ 75%] Performing build step for 'BoostProcess-Debug'
[ 87%] Performing install step for 'BoostProcess-Debug'
Install the project...
-- Install configuration: "Debug"
-- Installing: /home/vagrant/.hunter/_Base/70287b1/fc9dcb2/dffbc08/Build/BoostProcess/Install/include/boost
-- Installing: /home/vagrant/.hunter/_Base/70287b1/fc9dcb2/dffbc08/Build/BoostProcess/Install/include/boost/process.hpp
-- Installing: /home/vagrant/.hunter/_Base/70287b1/fc9dcb2/dffbc08/Build/BoostProcess/Install/include/boost/process
-- Installing: /home/vagrant/.hunter/_Base/70287b1/fc9dcb2/dffbc08/Build/BoostProcess/Install/include/boost/process/mitigate.hpp
-- Installing: /home/vagrant/.hunter/_Base/70287b1/fc9dcb2/dffbc08/Build/BoostProcess/Install/include/boost/process/windows
-- Installing: /home/vagrant/.hunter/_Base/70287b1/fc9dcb2/dffbc08/Build/BoostProcess/Install/include/boost/process/windows/terminate.hpp
-- Installing: /home/vagrant/.hunter/_Base/70287b1/fc9dcb2/dffbc08/Build/BoostProcess/Install/include/boost/process/windows/search_path.hpp
-- Installing: /home/vagrant/.hunter/_Base/70287b1/fc9dcb2/dffbc08/Build/BoostProcess/Install/include/boost/process/windows/wait_for_exit.hpp
-- Installing: /home/vagrant/.hunter/_Base/70287b1/fc9dcb2/dffbc08/Build/BoostProcess/Install/include/boost/process/windows/initializers
-- Installing: /home/vagrant/.hunter/_Base/70287b1/fc9dcb2/dffbc08/Build/BoostProcess/Install/include/boost/process/windows/initializers/close_stderr.hpp
-- Installing: /home/vagrant/.hunter/_Base/70287b1/fc9dcb2/dffbc08/Build/BoostProcess/Install/include/boost/process/windows/initializers/on_CreateProcess_setup.hpp
-- Installing: /home/vagrant/.hunter/_Base/70287b1/fc9dcb2/dffbc08/Build/BoostProcess/Install/include/boost/process/windows/initializers/set_cmd_line.hpp
-- Installing: /home/vagrant/.hunter/_Base/70287b1/fc9dcb2/dffbc08/Build/BoostProcess/Install/include/boost/process/windows/initializers/bind_stdout.hpp
-- Installing: /home/vagrant/.hunter/_Base/70287b1/fc9dcb2/dffbc08/Build/BoostProcess/Install/include/boost/process/windows/initializers/show_window.hpp
-- Installing: /home/vagrant/.hunter/_Base/70287b1/fc9dcb2/dffbc08/Build/BoostProcess/Install/include/boost/process/windows/initializers/initializer_base.hpp
-- Installing: /home/vagrant/.hunter/_Base/70287b1/fc9dcb2/dffbc08/Build/BoostProcess/Install/include/boost/process/windows/initializers/set_args.hpp
-- Installing: /home/vagrant/.hunter/_Base/70287b1/fc9dcb2/dffbc08/Build/BoostProcess/Install/include/boost/process/windows/initializers/on_CreateProcess_success.hpp
-- Installing: /home/vagrant/.hunter/_Base/70287b1/fc9dcb2/dffbc08/Build/BoostProcess/Install/include/boost/process/windows/initializers/set_env.hpp
-- Installing: /home/vagrant/.hunter/_Base/70287b1/fc9dcb2/dffbc08/Build/BoostProcess/Install/include/boost/process/windows/initializers/throw_on_error.hpp
-- Installing: /home/vagrant/.hunter/_Base/70287b1/fc9dcb2/dffbc08/Build/BoostProcess/Install/include/boost/process/windows/initializers/close_stdout.hpp
-- Installing: /home/vagrant/.hunter/_Base/70287b1/fc9dcb2/dffbc08/Build/BoostProcess/Install/include/boost/process/windows/initializers/close_stdin.hpp
-- Installing: /home/vagrant/.hunter/_Base/70287b1/fc9dcb2/dffbc08/Build/BoostProcess/Install/include/boost/process/windows/initializers/bind_stderr.hpp
-- Installing: /home/vagrant/.hunter/_Base/70287b1/fc9dcb2/dffbc08/Build/BoostProcess/Install/include/boost/process/windows/initializers/start_in_dir.hpp
-- Installing: /home/vagrant/.hunter/_Base/70287b1/fc9dcb2/dffbc08/Build/BoostProcess/Install/include/boost/process/windows/initializers/on_CreateProcess_error.hpp
-- Installing: /home/vagrant/.hunter/_Base/70287b1/fc9dcb2/dffbc08/Build/BoostProcess/Install/include/boost/process/windows/initializers/hide_console.hpp
-- Installing: /home/vagrant/.hunter/_Base/70287b1/fc9dcb2/dffbc08/Build/BoostProcess/Install/include/boost/process/windows/initializers/inherit_env.hpp
-- Installing: /home/vagrant/.hunter/_Base/70287b1/fc9dcb2/dffbc08/Build/BoostProcess/Install/include/boost/process/windows/initializers/run_exe.hpp
-- Installing: /home/vagrant/.hunter/_Base/70287b1/fc9dcb2/dffbc08/Build/BoostProcess/Install/include/boost/process/windows/initializers/bind_stdin.hpp
-- Installing: /home/vagrant/.hunter/_Base/70287b1/fc9dcb2/dffbc08/Build/BoostProcess/Install/include/boost/process/windows/initializers/set_on_error.hpp
-- Installing: /home/vagrant/.hunter/_Base/70287b1/fc9dcb2/dffbc08/Build/BoostProcess/Install/include/boost/process/windows/create_pipe.hpp
-- Installing: /home/vagrant/.hunter/_Base/70287b1/fc9dcb2/dffbc08/Build/BoostProcess/Install/include/boost/process/windows/child.hpp
-- Installing: /home/vagrant/.hunter/_Base/70287b1/fc9dcb2/dffbc08/Build/BoostProcess/Install/include/boost/process/windows/initializers.hpp
-- Installing: /home/vagrant/.hunter/_Base/70287b1/fc9dcb2/dffbc08/Build/BoostProcess/Install/include/boost/process/windows/executor.hpp
-- Installing: /home/vagrant/.hunter/_Base/70287b1/fc9dcb2/dffbc08/Build/BoostProcess/Install/include/boost/process/windows/shell_path.hpp
-- Installing: /home/vagrant/.hunter/_Base/70287b1/fc9dcb2/dffbc08/Build/BoostProcess/Install/include/boost/process/windows/execute.hpp
-- Installing: /home/vagrant/.hunter/_Base/70287b1/fc9dcb2/dffbc08/Build/BoostProcess/Install/include/boost/process/windows/pipe.hpp
-- Installing: /home/vagrant/.hunter/_Base/70287b1/fc9dcb2/dffbc08/Build/BoostProcess/Install/include/boost/process/terminate.hpp
-- Installing: /home/vagrant/.hunter/_Base/70287b1/fc9dcb2/dffbc08/Build/BoostProcess/Install/include/boost/process/search_path.hpp
-- Installing: /home/vagrant/.hunter/_Base/70287b1/fc9dcb2/dffbc08/Build/BoostProcess/Install/include/boost/process/wait_for_exit.hpp
-- Installing: /home/vagrant/.hunter/_Base/70287b1/fc9dcb2/dffbc08/Build/BoostProcess/Install/include/boost/process/create_pipe.hpp
-- Installing: /home/vagrant/.hunter/_Base/70287b1/fc9dcb2/dffbc08/Build/BoostProcess/Install/include/boost/process/child.hpp
-- Installing: /home/vagrant/.hunter/_Base/70287b1/fc9dcb2/dffbc08/Build/BoostProcess/Install/include/boost/process/all.hpp
-- Installing: /home/vagrant/.hunter/_Base/70287b1/fc9dcb2/dffbc08/Build/BoostProcess/Install/include/boost/process/posix
-- Installing: /home/vagrant/.hunter/_Base/70287b1/fc9dcb2/dffbc08/Build/BoostProcess/Install/include/boost/process/posix/terminate.hpp
-- Installing: /home/vagrant/.hunter/_Base/70287b1/fc9dcb2/dffbc08/Build/BoostProcess/Install/include/boost/process/posix/search_path.hpp
-- Installing: /home/vagrant/.hunter/_Base/70287b1/fc9dcb2/dffbc08/Build/BoostProcess/Install/include/boost/process/posix/wait_for_exit.hpp
-- Installing: /home/vagrant/.hunter/_Base/70287b1/fc9dcb2/dffbc08/Build/BoostProcess/Install/include/boost/process/posix/initializers
-- Installing: /home/vagrant/.hunter/_Base/70287b1/fc9dcb2/dffbc08/Build/BoostProcess/Install/include/boost/process/posix/initializers/close_fds_if.hpp
-- Installing: /home/vagrant/.hunter/_Base/70287b1/fc9dcb2/dffbc08/Build/BoostProcess/Install/include/boost/process/posix/initializers/on_fork_setup.hpp
-- Installing: /home/vagrant/.hunter/_Base/70287b1/fc9dcb2/dffbc08/Build/BoostProcess/Install/include/boost/process/posix/initializers/close_stderr.hpp
-- Installing: /home/vagrant/.hunter/_Base/70287b1/fc9dcb2/dffbc08/Build/BoostProcess/Install/include/boost/process/posix/initializers/set_cmd_line.hpp
-- Installing: /home/vagrant/.hunter/_Base/70287b1/fc9dcb2/dffbc08/Build/BoostProcess/Install/include/boost/process/posix/initializers/bind_stdout.hpp
-- Installing: /home/vagrant/.hunter/_Base/70287b1/fc9dcb2/dffbc08/Build/BoostProcess/Install/include/boost/process/posix/initializers/on_fork_error.hpp
-- Installing: /home/vagrant/.hunter/_Base/70287b1/fc9dcb2/dffbc08/Build/BoostProcess/Install/include/boost/process/posix/initializers/initializer_base.hpp
-- Installing: /home/vagrant/.hunter/_Base/70287b1/fc9dcb2/dffbc08/Build/BoostProcess/Install/include/boost/process/posix/initializers/set_args.hpp
-- Installing: /home/vagrant/.hunter/_Base/70287b1/fc9dcb2/dffbc08/Build/BoostProcess/Install/include/boost/process/posix/initializers/on_exec_error.hpp
-- Installing: /home/vagrant/.hunter/_Base/70287b1/fc9dcb2/dffbc08/Build/BoostProcess/Install/include/boost/process/posix/initializers/set_env.hpp
-- Installing: /home/vagrant/.hunter/_Base/70287b1/fc9dcb2/dffbc08/Build/BoostProcess/Install/include/boost/process/posix/initializers/throw_on_error.hpp
-- Installing: /home/vagrant/.hunter/_Base/70287b1/fc9dcb2/dffbc08/Build/BoostProcess/Install/include/boost/process/posix/initializers/close_stdout.hpp
-- Installing: /home/vagrant/.hunter/_Base/70287b1/fc9dcb2/dffbc08/Build/BoostProcess/Install/include/boost/process/posix/initializers/close_stdin.hpp
-- Installing: /home/vagrant/.hunter/_Base/70287b1/fc9dcb2/dffbc08/Build/BoostProcess/Install/include/boost/process/posix/initializers/bind_stderr.hpp
-- Installing: /home/vagrant/.hunter/_Base/70287b1/fc9dcb2/dffbc08/Build/BoostProcess/Install/include/boost/process/posix/initializers/start_in_dir.hpp
-- Installing: /home/vagrant/.hunter/_Base/70287b1/fc9dcb2/dffbc08/Build/BoostProcess/Install/include/boost/process/posix/initializers/bind_fd.hpp
-- Installing: /home/vagrant/.hunter/_Base/70287b1/fc9dcb2/dffbc08/Build/BoostProcess/Install/include/boost/process/posix/initializers/on_exec_setup.hpp
-- Installing: /home/vagrant/.hunter/_Base/70287b1/fc9dcb2/dffbc08/Build/BoostProcess/Install/include/boost/process/posix/initializers/hide_console.hpp
-- Installing: /home/vagrant/.hunter/_Base/70287b1/fc9dcb2/dffbc08/Build/BoostProcess/Install/include/boost/process/posix/initializers/inherit_env.hpp
-- Installing: /home/vagrant/.hunter/_Base/70287b1/fc9dcb2/dffbc08/Build/BoostProcess/Install/include/boost/process/posix/initializers/run_exe.hpp
-- Installing: /home/vagrant/.hunter/_Base/70287b1/fc9dcb2/dffbc08/Build/BoostProcess/Install/include/boost/process/posix/initializers/close_fds.hpp
-- Installing: /home/vagrant/.hunter/_Base/70287b1/fc9dcb2/dffbc08/Build/BoostProcess/Install/include/boost/process/posix/initializers/notify_io_service.hpp
-- Installing: /home/vagrant/.hunter/_Base/70287b1/fc9dcb2/dffbc08/Build/BoostProcess/Install/include/boost/process/posix/initializers/close_fd.hpp
-- Installing: /home/vagrant/.hunter/_Base/70287b1/fc9dcb2/dffbc08/Build/BoostProcess/Install/include/boost/process/posix/initializers/on_fork_success.hpp
-- Installing: /home/vagrant/.hunter/_Base/70287b1/fc9dcb2/dffbc08/Build/BoostProcess/Install/include/boost/process/posix/initializers/bind_stdin.hpp
-- Installing: /home/vagrant/.hunter/_Base/70287b1/fc9dcb2/dffbc08/Build/BoostProcess/Install/include/boost/process/posix/initializers/set_on_error.hpp
-- Installing: /home/vagrant/.hunter/_Base/70287b1/fc9dcb2/dffbc08/Build/BoostProcess/Install/include/boost/process/posix/create_pipe.hpp
-- Installing: /home/vagrant/.hunter/_Base/70287b1/fc9dcb2/dffbc08/Build/BoostProcess/Install/include/boost/process/posix/child.hpp
-- Installing: /home/vagrant/.hunter/_Base/70287b1/fc9dcb2/dffbc08/Build/BoostProcess/Install/include/boost/process/posix/initializers.hpp
-- Installing: /home/vagrant/.hunter/_Base/70287b1/fc9dcb2/dffbc08/Build/BoostProcess/Install/include/boost/process/posix/executor.hpp
-- Installing: /home/vagrant/.hunter/_Base/70287b1/fc9dcb2/dffbc08/Build/BoostProcess/Install/include/boost/process/posix/shell_path.hpp
-- Installing: /home/vagrant/.hunter/_Base/70287b1/fc9dcb2/dffbc08/Build/BoostProcess/Install/include/boost/process/posix/execute.hpp
-- Installing: /home/vagrant/.hunter/_Base/70287b1/fc9dcb2/dffbc08/Build/BoostProcess/Install/include/boost/process/posix/pipe.hpp
-- Installing: /home/vagrant/.hunter/_Base/70287b1/fc9dcb2/dffbc08/Build/BoostProcess/Install/include/boost/process/initializers.hpp
-- Installing: /home/vagrant/.hunter/_Base/70287b1/fc9dcb2/dffbc08/Build/BoostProcess/Install/include/boost/process/executor.hpp
-- Installing: /home/vagrant/.hunter/_Base/70287b1/fc9dcb2/dffbc08/Build/BoostProcess/Install/include/boost/process/shell_path.hpp
-- Installing: /home/vagrant/.hunter/_Base/70287b1/fc9dcb2/dffbc08/Build/BoostProcess/Install/include/boost/process/execute.hpp
-- Installing: /home/vagrant/.hunter/_Base/70287b1/fc9dcb2/dffbc08/Build/BoostProcess/Install/include/boost/process/config.hpp
-- Installing: /home/vagrant/.hunter/_Base/70287b1/fc9dcb2/dffbc08/Build/BoostProcess/Install/include/boost/process/pipe.hpp
-- Installing: /home/vagrant/.hunter/_Base/70287b1/fc9dcb2/dffbc08/Build/BoostProcess/Install/lib/cmake/BoostProcess/BoostProcessTargets.cmake
-- Installing: /home/vagrant/.hunter/_Base/70287b1/fc9dcb2/dffbc08/Build/BoostProcess/Install/lib/cmake/BoostProcess/BoostProcessConfig.cmake
-- Installing: /home/vagrant/.hunter/_Base/70287b1/fc9dcb2/dffbc08/Build/BoostProcess/Install/lib/cmake/BoostProcess/BoostProcessConfigVersion.cmake
loading initial cache file /home/vagrant/.hunter/_Base/70287b1/fc9dcb2/dffbc08/Build/BoostProcess/args.cmake
[100%] Completed 'BoostProcess-Debug'
[100%] Built target BoostProcess-Debug
-- [hunter] Build step successful (dir: /home/vagrant/.hunter/_Base/70287b1/fc9dcb2/dffbc08/Build/BoostProcess)
-- [hunter] Cache saved: /home/vagrant/.hunter/_Base/Cache/raw/f9ecccb64eaaf96b2daeddf60eddd530dfebff40.tar.bz2
-- Boost version: 1.68.0
-- Found the following Boost libraries:
--   system
--   filesystem
--   iostreams
-- [hunter] ASYNC++_ROOT: /home/vagrant/.hunter/_Base/70287b1/fc9dcb2/dffbc08/Install (ver.: 0.0.3-hunter)
-- [hunter] Cache HIT: Async++
-- [hunter] Cache info: /home/vagrant/.hunter/_Base/Cache/meta/fc9dcb2/Async++/0.0.3-hunter/1d3cfdd/da39a3e/12d12f9/da39a3e/da39a3e/cache.sha1
-- Looking for pthread.h
-- Looking for pthread.h - found
-- Looking for pthread_create
-- Looking for pthread_create - not found
-- Check if compiler accepts -pthread
-- Check if compiler accepts -pthread - yes
-- Found Threads: TRUE
-- Configuring done
-- Generating done
CMake Warning:
  Manually-specified variables were not used by the project:

    CMAKE_EXE_LINKER


-- Build files have been written to: /home/vagrant/Labs/lab-11-process/_builds/gcc-7-cxx17-pic-Debug
Execute command: [
  `cmake`
  `--build`
  `/home/vagrant/Labs/lab-11-process/_builds/gcc-7-cxx17-pic-Debug`
  `--config`
  `Debug`
  `--`
]
[/home/vagrant/Labs/lab-11-process]> "cmake" "--build" "/home/vagrant/Labs/lab-11-process/_builds/gcc-7-cxx17-pic-Debug" "--config" "Debug" "--"
Scanning dependencies of target builder
[ 16%] Building CXX object CMakeFiles/builder.dir/sources/builder.cpp.o
/home/vagrant/Labs/lab-11-process/sources/builder.cpp: In constructor Builder::Builder():
/home/vagrant/Labs/lab-11-process/sources/builder.cpp:11:11: error: set_args was not declared in this scope
   execute(set_args(args));
           ^~~~~~~~
/home/vagrant/Labs/lab-11-process/sources/builder.cpp:11:11: note: suggested alternatives:
In file included from /home/vagrant/.hunter/_Base/70287b1/fc9dcb2/dffbc08/Install/include/boost/process/posix/initializers.hpp:32:0,
                 from /home/vagrant/.hunter/_Base/70287b1/fc9dcb2/dffbc08/Install/include/boost/process/initializers.hpp:21,
                 from /home/vagrant/.hunter/_Base/70287b1/fc9dcb2/dffbc08/Install/include/boost/process/all.hpp:23,
                 from /home/vagrant/.hunter/_Base/70287b1/fc9dcb2/dffbc08/Install/include/boost/process.hpp:20,
                 from /home/vagrant/Labs/lab-11-process/sources/builder.cpp:4:
/home/vagrant/.hunter/_Base/70287b1/fc9dcb2/dffbc08/Install/include/boost/process/posix/initializers/set_args.hpp:50:18: note:   boost::process::posix::initializers::set_args
 set_args_<Range> set_args(const Range &range)
                  ^~~~~~~~
/home/vagrant/.hunter/_Base/70287b1/fc9dcb2/dffbc08/Install/include/boost/process/posix/initializers/set_args.hpp:50:18: note:   boost::process::posix::initializers::set_args
/home/vagrant/Labs/lab-11-process/sources/builder.cpp:11:3: error: execute was not declared in this scope
   execute(set_args(args));
   ^~~~~~~
/home/vagrant/Labs/lab-11-process/sources/builder.cpp:11:3: note: suggested alternatives:
In file included from /home/vagrant/.hunter/_Base/70287b1/fc9dcb2/dffbc08/Install/include/boost/process/execute.hpp:21:0,
                 from /home/vagrant/.hunter/_Base/70287b1/fc9dcb2/dffbc08/Install/include/boost/process/all.hpp:21,
                 from /home/vagrant/.hunter/_Base/70287b1/fc9dcb2/dffbc08/Install/include/boost/process.hpp:20,
                 from /home/vagrant/Labs/lab-11-process/sources/builder.cpp:4:
/home/vagrant/.hunter/_Base/70287b1/fc9dcb2/dffbc08/Install/include/boost/process/posix/execute.hpp:21:7: note:   boost::process::posix::execute
 child execute(const I0 &i0)
       ^~~~~~~
In file included from /home/vagrant/.hunter/_Base/70287b1/fc9dcb2/dffbc08/Install/include/boost/process/execute.hpp:21:0,
                 from /home/vagrant/.hunter/_Base/70287b1/fc9dcb2/dffbc08/Install/include/boost/process/all.hpp:21,
                 from /home/vagrant/.hunter/_Base/70287b1/fc9dcb2/dffbc08/Install/include/boost/process.hpp:20,
                 from /home/vagrant/Labs/lab-11-process/sources/builder.cpp:4:
/home/vagrant/.hunter/_Base/70287b1/fc9dcb2/dffbc08/Install/include/boost/process/posix/execute.hpp:75:7: note:   boost::process::posix::execute
 child execute(const I0 &i0, const I1 &i1, const I2 &i2, const I3 &i3, const I4 &i4, const I5 &i5, const I6 &i6, const I7 &i7, const I8 &i8, const I9 &i9)
       ^~~~~~~
At global scope:
cc1plus: error: unrecognized command line option -Wno-unused-command-line-argument [-Werror]
cc1plus: all warnings being treated as errors
CMakeFiles/builder.dir/build.make:62: recipe for target 'CMakeFiles/builder.dir/sources/builder.cpp.o' failed
CMakeFiles/Makefile2:67: recipe for target 'CMakeFiles/builder.dir/all' failed
make[2]: *** [CMakeFiles/builder.dir/sources/builder.cpp.o] Error 1
make[1]: *** [CMakeFiles/builder.dir/all] Error 2
make: *** [all] Error 2
Makefile:94: recipe for target 'all' failed
